<?xml version="1.0" encoding="UTF-8"?>
<coverage generated="1780495468801" clover="3.2.0">
  <project timestamp="1780495468802" name="All files">
    <metrics statements="231" coveredstatements="178" conditionals="180" coveredconditionals="139" methods="44" coveredmethods="30" elements="455" coveredelements="347" complexity="0" loc="231" ncloc="231" packages="3" files="6" classes="6"/>
    <package name="src">
      <metrics statements="3" coveredstatements="3" conditionals="10" coveredconditionals="10" methods="0" coveredmethods="0"/>
      <file name="db.js" path="C:\Users\masig\Documents\GitHub\Progetto-PAC\CODE\gestionale-feste\backend\src\db.js">
        <metrics statements="3" coveredstatements="3" conditionals="10" coveredconditionals="10" methods="0" coveredmethods="0"/>
        <line num="1" count="1" type="stmt"/>
        <line num="3" count="1" type="stmt"/>
        <line num="13" count="1" type="stmt"/>
      </file>
    </package>
    <package name="src.repositories">
      <metrics statements="23" coveredstatements="5" conditionals="5" coveredconditionals="0" methods="6" coveredmethods="0"/>
      <file name="configurazione.repo.js" path="C:\Users\masig\Documents\GitHub\Progetto-PAC\CODE\gestionale-feste\backend\src\repositories\configurazione.repo.js">
        <metrics statements="7" coveredstatements="2" conditionals="0" coveredconditionals="0" methods="2" coveredmethods="0"/>
        <line num="1" count="1" type="stmt"/>
        <line num="5" count="0" type="stmt"/>
        <line num="6" count="0" type="stmt"/>
        <line num="7" count="0" type="stmt"/>
        <line num="8" count="0" type="stmt"/>
        <line num="13" count="0" type="stmt"/>
        <line num="20" count="1" type="stmt"/>
      </file>
      <file name="db.js" path="C:\Users\masig\Documents\GitHub\Progetto-PAC\CODE\gestionale-feste\backend\src\repositories\db.js">
        <metrics statements="1" coveredstatements="1" conditionals="0" coveredconditionals="0" methods="0" coveredmethods="0"/>
        <line num="5" count="1" type="stmt"/>
      </file>
      <file name="predittore.repo.js" path="C:\Users\masig\Documents\GitHub\Progetto-PAC\CODE\gestionale-feste\backend\src\repositories\predittore.repo.js">
        <metrics statements="15" coveredstatements="2" conditionals="5" coveredconditionals="0" methods="4" coveredmethods="0"/>
        <line num="1" count="1" type="stmt"/>
        <line num="5" count="0" type="stmt"/>
        <line num="11" count="0" type="stmt"/>
        <line num="12" count="0" type="cond" truecount="0" falsecount="4"/>
        <line num="13" count="0" type="stmt"/>
        <line num="14" count="0" type="stmt"/>
        <line num="16" count="0" type="stmt"/>
        <line num="17" count="0" type="stmt"/>
        <line num="22" count="0" type="stmt"/>
        <line num="31" count="0" type="stmt"/>
        <line num="37" count="0" type="stmt"/>
        <line num="53" count="0" type="stmt"/>
        <line num="58" count="0" type="stmt"/>
        <line num="63" count="0" type="stmt"/>
        <line num="66" count="1" type="stmt"/>
      </file>
    </package>
    <package name="src.services">
      <metrics statements="205" coveredstatements="170" conditionals="165" coveredconditionals="129" methods="38" coveredmethods="30"/>
      <file name="predittore.js" path="C:\Users\masig\Documents\GitHub\Progetto-PAC\CODE\gestionale-feste\backend\src\services\predittore.js">
        <metrics statements="97" coveredstatements="65" conditionals="85" coveredconditionals="60" methods="18" coveredmethods="11"/>
        <line num="17" count="1" type="stmt"/>
        <line num="18" count="1" type="stmt"/>
        <line num="21" count="1" type="stmt"/>
        <line num="22" count="1" type="stmt"/>
        <line num="23" count="1" type="stmt"/>
        <line num="24" count="1" type="stmt"/>
        <line num="25" count="1" type="stmt"/>
        <line num="26" count="1" type="stmt"/>
        <line num="27" count="1" type="stmt"/>
        <line num="31" count="0" type="stmt"/>
        <line num="32" count="0" type="stmt"/>
        <line num="42" count="4" type="stmt"/>
        <line num="43" count="2" type="cond" truecount="3" falsecount="1"/>
        <line num="44" count="2" type="stmt"/>
        <line num="45" count="2" type="stmt"/>
        <line num="46" count="2" type="stmt"/>
        <line num="47" count="2" type="stmt"/>
        <line num="53" count="0" type="stmt"/>
        <line num="54" count="0" type="stmt"/>
        <line num="55" count="0" type="stmt"/>
        <line num="56" count="0" type="stmt"/>
        <line num="65" count="0" type="stmt"/>
        <line num="66" count="0" type="stmt"/>
        <line num="67" count="0" type="stmt"/>
        <line num="68" count="0" type="stmt"/>
        <line num="69" count="0" type="stmt"/>
        <line num="74" count="0" type="stmt"/>
        <line num="80" count="6" type="cond" truecount="2" falsecount="0"/>
        <line num="81" count="2" type="stmt"/>
        <line num="89" count="4" type="stmt"/>
        <line num="90" count="4" type="stmt"/>
        <line num="91" count="4" type="cond" truecount="4" falsecount="0"/>
        <line num="92" count="1" type="stmt"/>
        <line num="94" count="3" type="stmt"/>
        <line num="100" count="4" type="stmt"/>
        <line num="101" count="4" type="stmt"/>
        <line num="102" count="4" type="stmt"/>
        <line num="103" count="4" type="stmt"/>
        <line num="108" count="6" type="cond" truecount="4" falsecount="0"/>
        <line num="109" count="3" type="stmt"/>
        <line num="110" count="3" type="stmt"/>
        <line num="115" count="7" type="cond" truecount="1" falsecount="1"/>
        <line num="116" count="7" type="cond" truecount="2" falsecount="0"/>
        <line num="117" count="7" type="stmt"/>
        <line num="119" count="7" type="cond" truecount="4" falsecount="0"/>
        <line num="120" count="5" type="stmt"/>
        <line num="122" count="7" type="stmt"/>
        <line num="127" count="6" type="cond" truecount="2" falsecount="0"/>
        <line num="128" count="4" type="cond" truecount="4" falsecount="1"/>
        <line num="129" count="2" type="cond" truecount="4" falsecount="0"/>
        <line num="130" count="1" type="cond" truecount="1" falsecount="1"/>
        <line num="131" count="0" type="stmt"/>
        <line num="135" count="2" type="stmt"/>
        <line num="136" count="2" type="stmt"/>
        <line num="145" count="0" type="stmt"/>
        <line num="146" count="0" type="stmt"/>
        <line num="147" count="0" type="stmt"/>
        <line num="148" count="0" type="stmt"/>
        <line num="149" count="0" type="stmt"/>
        <line num="150" count="0" type="cond" truecount="0" falsecount="2"/>
        <line num="152" count="0" type="stmt"/>
        <line num="154" count="0" type="stmt"/>
        <line num="161" count="1" type="stmt"/>
        <line num="162" count="3" type="stmt"/>
        <line num="163" count="1" type="stmt"/>
        <line num="164" count="1" type="stmt"/>
        <line num="165" count="2" type="cond" truecount="1" falsecount="1"/>
        <line num="166" count="2" type="stmt"/>
        <line num="168" count="1" type="stmt"/>
        <line num="173" count="7" type="cond" truecount="2" falsecount="0"/>
        <line num="174" count="7" type="cond" truecount="2" falsecount="0"/>
        <line num="175" count="6" type="cond" truecount="2" falsecount="0"/>
        <line num="176" count="4" type="cond" truecount="3" falsecount="1"/>
        <line num="177" count="3" type="cond" truecount="3" falsecount="1"/>
        <line num="178" count="2" type="stmt"/>
        <line num="186" count="2" type="cond" truecount="2" falsecount="0"/>
        <line num="187" count="2" type="cond" truecount="2" falsecount="0"/>
        <line num="188" count="2" type="cond" truecount="2" falsecount="0"/>
        <line num="190" count="2" type="stmt"/>
        <line num="196" count="2" type="stmt"/>
        <line num="197" count="2" type="cond" truecount="2" falsecount="0"/>
        <line num="199" count="2" type="stmt"/>
        <line num="206" count="2" type="stmt"/>
        <line num="207" count="2" type="stmt"/>
        <line num="214" count="2" type="stmt"/>
        <line num="243" count="0" type="stmt"/>
        <line num="244" count="0" type="stmt"/>
        <line num="247" count="0" type="stmt"/>
        <line num="250" count="0" type="stmt"/>
        <line num="258" count="0" type="stmt"/>
        <line num="259" count="0" type="stmt"/>
        <line num="261" count="0" type="stmt"/>
        <line num="262" count="0" type="stmt"/>
        <line num="264" count="0" type="stmt"/>
        <line num="268" count="0" type="stmt"/>
        <line num="269" count="0" type="cond" truecount="0" falsecount="2"/>
        <line num="272" count="1" type="stmt"/>
      </file>
      <file name="smistatore.js" path="C:\Users\masig\Documents\GitHub\Progetto-PAC\CODE\gestionale-feste\backend\src\services\smistatore.js">
        <metrics statements="108" coveredstatements="105" conditionals="80" coveredconditionals="69" methods="20" coveredmethods="19"/>
        <line num="6" count="1" type="stmt"/>
        <line num="7" count="1" type="stmt"/>
        <line num="8" count="1" type="stmt"/>
        <line num="9" count="1" type="stmt"/>
        <line num="10" count="1" type="stmt"/>
        <line num="11" count="1" type="stmt"/>
        <line num="14" count="1" type="stmt"/>
        <line num="16" count="1" type="stmt"/>
        <line num="18" count="1" type="stmt"/>
        <line num="21" count="188" type="cond" truecount="2" falsecount="0"/>
        <line num="22" count="188" type="stmt"/>
        <line num="26" count="154" type="stmt"/>
        <line num="31" count="99" type="stmt"/>
        <line num="32" count="99" type="stmt"/>
        <line num="33" count="99" type="cond" truecount="2" falsecount="0"/>
        <line num="34" count="133" type="cond" truecount="1" falsecount="1"/>
        <line num="35" count="72" type="cond" truecount="2" falsecount="0"/>
        <line num="36" count="99" type="cond" truecount="2" falsecount="0"/>
        <line num="37" count="99" type="stmt"/>
        <line num="42" count="41" type="stmt"/>
        <line num="43" count="41" type="stmt"/>
        <line num="44" count="49" type="stmt"/>
        <line num="45" count="49" type="stmt"/>
        <line num="46" count="49" type="cond" truecount="2" falsecount="0"/>
        <line num="47" count="49" type="cond" truecount="5" falsecount="0"/>
        <line num="48" count="45" type="stmt"/>
        <line num="49" count="45" type="stmt"/>
        <line num="50" count="45" type="stmt"/>
        <line num="53" count="41" type="stmt"/>
        <line num="58" count="38" type="stmt"/>
        <line num="59" count="38" type="cond" truecount="2" falsecount="0"/>
        <line num="60" count="38" type="cond" truecount="1" falsecount="1"/>
        <line num="61" count="38" type="stmt"/>
        <line num="62" count="38" type="cond" truecount="2" falsecount="0"/>
        <line num="63" count="38" type="stmt"/>
        <line num="67" count="38" type="cond" truecount="1" falsecount="1"/>
        <line num="68" count="38" type="cond" truecount="2" falsecount="0"/>
        <line num="69" count="38" type="stmt"/>
        <line num="71" count="38" type="stmt"/>
        <line num="72" count="38" type="cond" truecount="2" falsecount="0"/>
        <line num="73" count="2" type="stmt"/>
        <line num="77" count="37" type="cond" truecount="3" falsecount="0"/>
        <line num="78" count="37" type="cond" truecount="2" falsecount="0"/>
        <line num="79" count="1" type="stmt"/>
        <line num="81" count="36" type="cond" truecount="1" falsecount="1"/>
        <line num="83" count="37" type="stmt"/>
        <line num="84" count="37" type="cond" truecount="2" falsecount="0"/>
        <line num="85" count="37" type="cond" truecount="2" falsecount="0"/>
        <line num="86" count="37" type="cond" truecount="7" falsecount="0"/>
        <line num="87" count="37" type="stmt"/>
        <line num="88" count="37" type="stmt"/>
        <line num="89" count="38" type="stmt"/>
        <line num="104" count="36" type="stmt"/>
        <line num="108" count="35" type="stmt"/>
        <line num="109" count="35" type="stmt"/>
        <line num="110" count="38" type="cond" truecount="2" falsecount="0"/>
        <line num="111" count="38" type="stmt"/>
        <line num="113" count="35" type="stmt"/>
        <line num="114" count="35" type="stmt"/>
        <line num="115" count="35" type="stmt"/>
        <line num="116" count="35" type="stmt"/>
        <line num="117" count="38" type="stmt"/>
        <line num="118" count="38" type="stmt"/>
        <line num="119" count="38" type="cond" truecount="4" falsecount="0"/>
        <line num="120" count="2" type="stmt"/>
        <line num="121" count="2" type="stmt"/>
        <line num="122" count="2" type="stmt"/>
        <line num="124" count="36" type="stmt"/>
        <line num="127" count="35" type="stmt"/>
        <line num="129" count="35" type="stmt"/>
        <line num="134" count="35" type="stmt"/>
        <line num="135" count="35" type="stmt"/>
        <line num="136" count="35" type="stmt"/>
        <line num="138" count="35" type="stmt"/>
        <line num="139" count="37" type="stmt"/>
        <line num="140" count="37" type="cond" truecount="2" falsecount="0"/>
        <line num="141" count="36" type="stmt"/>
        <line num="145" count="35" type="stmt"/>
        <line num="146" count="35" type="stmt"/>
        <line num="147" count="38" type="stmt"/>
        <line num="148" count="38" type="cond" truecount="1" falsecount="1"/>
        <line num="149" count="38" type="stmt"/>
        <line num="150" count="38" type="stmt"/>
        <line num="151" count="38" type="stmt"/>
        <line num="152" count="38" type="stmt"/>
        <line num="155" count="35" type="stmt"/>
        <line num="157" count="35" type="stmt"/>
        <line num="158" count="35" type="stmt"/>
        <line num="159" count="35" type="stmt"/>
        <line num="165" count="36" type="stmt"/>
        <line num="175" count="35" type="stmt"/>
        <line num="176" count="0" type="cond" truecount="0" falsecount="2"/>
        <line num="177" count="0" type="cond" truecount="0" falsecount="2"/>
        <line num="178" count="0" type="stmt"/>
        <line num="181" count="35" type="stmt"/>
        <line num="186" count="2" type="stmt"/>
        <line num="187" count="2" type="cond" truecount="3" falsecount="0"/>
        <line num="188" count="2" type="cond" truecount="2" falsecount="0"/>
        <line num="189" count="2" type="stmt"/>
        <line num="193" count="10" type="cond" truecount="2" falsecount="0"/>
        <line num="197" count="4" type="cond" truecount="1" falsecount="1"/>
        <line num="201" count="1" type="stmt"/>
        <line num="202" count="1" type="stmt"/>
        <line num="203" count="1" type="stmt"/>
        <line num="207" count="1" type="stmt"/>
        <line num="216" count="1" type="stmt"/>
        <line num="220" count="23" type="stmt"/>
        <line num="223" count="1" type="stmt"/>
      </file>
    </package>
  </project>
</coverage>
