{"C:\\Users\\masig\\Documents\\GitHub\\Progetto-PAC\\CODE\\gestionale-feste\\backend\\src\\db.js": {"path":"C:\\Users\\masig\\Documents\\GitHub\\Progetto-PAC\\CODE\\gestionale-feste\\backend\\src\\db.js","statementMap":{"0":{"start":{"line":1,"column":14},"end":{"line":1,"column":39}},"1":{"start":{"line":3,"column":13},"end":{"line":11,"column":2}},"2":{"start":{"line":13,"column":0},"end":{"line":13,"column":22}}},"fnMap":{},"branchMap":{"0":{"loc":{"start":{"line":4,"column":10},"end":{"line":4,"column":44}},"type":"binary-expr","locations":[{"start":{"line":4,"column":10},"end":{"line":4,"column":29}},{"start":{"line":4,"column":33},"end":{"line":4,"column":44}}],"line":4},"1":{"loc":{"start":{"line":5,"column":10},"end":{"line":5,"column":37}},"type":"binary-expr","locations":[{"start":{"line":5,"column":10},"end":{"line":5,"column":29}},{"start":{"line":5,"column":33},"end":{"line":5,"column":37}}],"line":5},"2":{"loc":{"start":{"line":6,"column":14},"end":{"line":6,"column":55}},"type":"binary-expr","locations":[{"start":{"line":6,"column":14},"end":{"line":6,"column":33}},{"start":{"line":6,"column":37},"end":{"line":6,"column":55}}],"line":6},"3":{"loc":{"start":{"line":7,"column":10},"end":{"line":7,"column":45}},"type":"binary-expr","locations":[{"start":{"line":7,"column":10},"end":{"line":7,"column":29}},{"start":{"line":7,"column":33},"end":{"line":7,"column":45}}],"line":7},"4":{"loc":{"start":{"line":8,"column":14},"end":{"line":8,"column":62}},"type":"binary-expr","locations":[{"start":{"line":8,"column":14},"end":{"line":8,"column":37}},{"start":{"line":8,"column":41},"end":{"line":8,"column":62}}],"line":8}},"s":{"0":1,"1":1,"2":1},"f":{},"b":{"0":[1,1],"1":[1,1],"2":[1,1],"3":[1,1],"4":[1,1]},"meta":{"lastBranch":5,"lastFunction":0,"lastStatement":3,"seen":{"s:1:14:1:39":0,"s:3:13:11:2":1,"b:4:10:4:29:4:33:4:44":0,"b:5:10:5:29:5:33:5:37":1,"b:6:14:6:33:6:37:6:55":2,"b:7:10:7:29:7:33:7:45":3,"b:8:14:8:37:8:41:8:62":4,"s:13:0:13:22":2}}}
,"C:\\Users\\masig\\Documents\\GitHub\\Progetto-PAC\\CODE\\gestionale-feste\\backend\\src\\repositories\\configurazione.repo.js": {"path":"C:\\Users\\masig\\Documents\\GitHub\\Progetto-PAC\\CODE\\gestionale-feste\\backend\\src\\repositories\\configurazione.repo.js","statementMap":{"0":{"start":{"line":1,"column":11},"end":{"line":1,"column":26}},"1":{"start":{"line":5,"column":20},"end":{"line":5,"column":79}},"2":{"start":{"line":6,"column":18},"end":{"line":6,"column":20}},"3":{"start":{"line":7,"column":4},"end":{"line":7,"column":54}},"4":{"start":{"line":7,"column":27},"end":{"line":7,"column":54}},"5":{"start":{"line":8,"column":4},"end":{"line":8,"column":17}},"6":{"start":{"line":13,"column":4},"end":{"line":17,"column":6}},"7":{"start":{"line":20,"column":0},"end":{"line":20,"column":41}}},"fnMap":{"0":{"name":"leggiMappa","decl":{"start":{"line":4,"column":15},"end":{"line":4,"column":25}},"loc":{"start":{"line":4,"column":28},"end":{"line":9,"column":1}},"line":4},"1":{"name":"imposta","decl":{"start":{"line":12,"column":15},"end":{"line":12,"column":22}},"loc":{"start":{"line":12,"column":39},"end":{"line":18,"column":1}},"line":12}},"branchMap":{},"s":{"0":1,"1":0,"2":0,"3":0,"4":0,"5":0,"6":0,"7":1},"f":{"0":0,"1":0},"b":{},"meta":{"lastBranch":0,"lastFunction":2,"lastStatement":8,"seen":{"s:1:11:1:26":0,"f:4:15:4:25":0,"s:5:20:5:79":1,"s:6:18:6:20":2,"s:7:4:7:54":3,"s:7:27:7:54":4,"s:8:4:8:17":5,"f:12:15:12:22":1,"s:13:4:17:6":6,"s:20:0:20:41":7}}}
,"C:\\Users\\masig\\Documents\\GitHub\\Progetto-PAC\\CODE\\gestionale-feste\\backend\\src\\repositories\\db.js": {"path":"C:\\Users\\masig\\Documents\\GitHub\\Progetto-PAC\\CODE\\gestionale-feste\\backend\\src\\repositories\\db.js","statementMap":{"0":{"start":{"line":5,"column":0},"end":{"line":5,"column":34}}},"fnMap":{},"branchMap":{},"s":{"0":1},"f":{},"b":{},"meta":{"lastBranch":0,"lastFunction":0,"lastStatement":1,"seen":{"s:5:0:5:34":0}}}
,"C:\\Users\\masig\\Documents\\GitHub\\Progetto-PAC\\CODE\\gestionale-feste\\backend\\src\\repositories\\predittore.repo.js": {"path":"C:\\Users\\masig\\Documents\\GitHub\\Progetto-PAC\\CODE\\gestionale-feste\\backend\\src\\repositories\\predittore.repo.js","statementMap":{"0":{"start":{"line":1,"column":11},"end":{"line":1,"column":26}},"1":{"start":{"line":5,"column":16},"end":{"line":10,"column":29}},"2":{"start":{"line":11,"column":19},"end":{"line":11,"column":21}},"3":{"start":{"line":12,"column":4},"end":{"line":15,"column":5}},"4":{"start":{"line":13,"column":8},"end":{"line":13,"column":36}},"5":{"start":{"line":14,"column":8},"end":{"line":14,"column":35}},"6":{"start":{"line":16,"column":19},"end":{"line":16,"column":48}},"7":{"start":{"line":17,"column":4},"end":{"line":17,"column":16}},"8":{"start":{"line":22,"column":20},"end":{"line":30,"column":5}},"9":{"start":{"line":31,"column":4},"end":{"line":31,"column":17}},"10":{"start":{"line":37,"column":20},"end":{"line":52,"column":5}},"11":{"start":{"line":53,"column":4},"end":{"line":53,"column":17}},"12":{"start":{"line":58,"column":20},"end":{"line":62,"column":5}},"13":{"start":{"line":63,"column":4},"end":{"line":63,"column":17}},"14":{"start":{"line":66,"column":0},"end":{"line":66,"column":86}}},"fnMap":{"0":{"name":"elencaVociAttive","decl":{"start":{"line":4,"column":15},"end":{"line":4,"column":31}},"loc":{"start":{"line":4,"column":54},"end":{"line":18,"column":1}},"line":4},"1":{"name":"consumiFinestra","decl":{"start":{"line":21,"column":15},"end":{"line":21,"column":30}},"loc":{"start":{"line":21,"column":47},"end":{"line":32,"column":1}},"line":21},"2":{"name":"mediaStorica","decl":{"start":{"line":36,"column":15},"end":{"line":36,"column":27}},"loc":{"start":{"line":36,"column":57},"end":{"line":54,"column":1}},"line":36},"3":{"name":"gruppiContatore","decl":{"start":{"line":57,"column":15},"end":{"line":57,"column":30}},"loc":{"start":{"line":57,"column":33},"end":{"line":64,"column":1}},"line":57}},"branchMap":{"0":{"loc":{"start":{"line":4,"column":32},"end":{"line":4,"column":52}},"type":"default-arg","locations":[{"start":{"line":4,"column":48},"end":{"line":4,"column":52}}],"line":4},"1":{"loc":{"start":{"line":12,"column":4},"end":{"line":15,"column":5}},"type":"if","locations":[{"start":{"line":12,"column":4},"end":{"line":15,"column":5}},{"start":{},"end":{}}],"line":12},"2":{"loc":{"start":{"line":12,"column":8},"end":{"line":12,"column":45}},"type":"binary-expr","locations":[{"start":{"line":12,"column":8},"end":{"line":12,"column":21}},{"start":{"line":12,"column":25},"end":{"line":12,"column":45}}],"line":12}},"s":{"0":1,"1":0,"2":0,"3":0,"4":0,"5":0,"6":0,"7":0,"8":0,"9":0,"10":0,"11":0,"12":0,"13":0,"14":1},"f":{"0":0,"1":0,"2":0,"3":0},"b":{"0":[0],"1":[0,0],"2":[0,0]},"meta":{"lastBranch":3,"lastFunction":4,"lastStatement":15,"seen":{"s:1:11:1:26":0,"f:4:15:4:31":0,"b:4:48:4:52":0,"s:5:16:10:29":1,"s:11:19:11:21":2,"b:12:4:15:5:undefined:undefined:undefined:undefined":1,"s:12:4:15:5":3,"b:12:8:12:21:12:25:12:45":2,"s:13:8:13:36":4,"s:14:8:14:35":5,"s:16:19:16:48":6,"s:17:4:17:16":7,"f:21:15:21:30":1,"s:22:20:30:5":8,"s:31:4:31:17":9,"f:36:15:36:27":2,"s:37:20:52:5":10,"s:53:4:53:17":11,"f:57:15:57:30":3,"s:58:20:62:5":12,"s:63:4:63:17":13,"s:66:0:66:86":14}}}
,"C:\\Users\\masig\\Documents\\GitHub\\Progetto-PAC\\CODE\\gestionale-feste\\backend\\src\\services\\predittore.js": {"path":"C:\\Users\\masig\\Documents\\GitHub\\Progetto-PAC\\CODE\\gestionale-feste\\backend\\src\\services\\predittore.js","statementMap":{"0":{"start":{"line":17,"column":13},"end":{"line":17,"column":55}},"1":{"start":{"line":18,"column":27},"end":{"line":18,"column":73}},"2":{"start":{"line":21,"column":21},"end":{"line":21,"column":58}},"3":{"start":{"line":22,"column":19},"end":{"line":22,"column":58}},"4":{"start":{"line":23,"column":26},"end":{"line":23,"column":29}},"5":{"start":{"line":24,"column":32},"end":{"line":24,"column":33}},"6":{"start":{"line":25,"column":32},"end":{"line":25,"column":35}},"7":{"start":{"line":26,"column":36},"end":{"line":26,"column":39}},"8":{"start":{"line":27,"column":24},"end":{"line":27,"column":61}},"9":{"start":{"line":31,"column":18},"end":{"line":31,"column":55}},"10":{"start":{"line":32,"column":4},"end":{"line":36,"column":5}},"11":{"start":{"line":42,"column":21},"end":{"line":42,"column":76}},"12":{"start":{"line":42,"column":60},"end":{"line":42,"column":75}},"13":{"start":{"line":43,"column":4},"end":{"line":43,"column":40}},"14":{"start":{"line":43,"column":32},"end":{"line":43,"column":40}},"15":{"start":{"line":44,"column":17},"end":{"line":44,"column":33}},"16":{"start":{"line":45,"column":4},"end":{"line":45,"column":31}},"17":{"start":{"line":46,"column":19},"end":{"line":46,"column":52}},"18":{"start":{"line":47,"column":4},"end":{"line":47,"column":49}},"19":{"start":{"line":53,"column":18},"end":{"line":53,"column":60}},"20":{"start":{"line":54,"column":18},"end":{"line":54,"column":27}},"21":{"start":{"line":55,"column":4},"end":{"line":55,"column":65}},"22":{"start":{"line":55,"column":27},"end":{"line":55,"column":65}},"23":{"start":{"line":56,"column":4},"end":{"line":56,"column":16}},"24":{"start":{"line":65,"column":24},"end":{"line":65,"column":41}},"25":{"start":{"line":66,"column":18},"end":{"line":66,"column":70}},"26":{"start":{"line":67,"column":18},"end":{"line":67,"column":27}},"27":{"start":{"line":68,"column":4},"end":{"line":73,"column":5}},"28":{"start":{"line":69,"column":8},"end":{"line":72,"column":10}},"29":{"start":{"line":74,"column":4},"end":{"line":74,"column":16}},"30":{"start":{"line":80,"column":4},"end":{"line":85,"column":5}},"31":{"start":{"line":81,"column":8},"end":{"line":84,"column":39}},"32":{"start":{"line":89,"column":20},"end":{"line":89,"column":37}},"33":{"start":{"line":90,"column":25},"end":{"line":90,"column":50}},"34":{"start":{"line":91,"column":4},"end":{"line":93,"column":5}},"35":{"start":{"line":92,"column":8},"end":{"line":92,"column":51}},"36":{"start":{"line":94,"column":4},"end":{"line":94,"column":51}},"37":{"start":{"line":100,"column":20},"end":{"line":100,"column":37}},"38":{"start":{"line":101,"column":20},"end":{"line":101,"column":34}},"39":{"start":{"line":102,"column":25},"end":{"line":102,"column":50}},"40":{"start":{"line":103,"column":4},"end":{"line":103,"column":81}},"41":{"start":{"line":108,"column":4},"end":{"line":108,"column":77}},"42":{"start":{"line":108,"column":62},"end":{"line":108,"column":77}},"43":{"start":{"line":109,"column":19},"end":{"line":109,"column":51}},"44":{"start":{"line":110,"column":4},"end":{"line":110,"column":22}},"45":{"start":{"line":115,"column":25},"end":{"line":115,"column":57}},"46":{"start":{"line":116,"column":19},"end":{"line":116,"column":87}},"47":{"start":{"line":117,"column":12},"end":{"line":117,"column":62}},"48":{"start":{"line":119,"column":4},"end":{"line":121,"column":5}},"49":{"start":{"line":120,"column":8},"end":{"line":120,"column":36}},"50":{"start":{"line":122,"column":4},"end":{"line":122,"column":12}},"51":{"start":{"line":127,"column":4},"end":{"line":127,"column":40}},"52":{"start":{"line":127,"column":23},"end":{"line":127,"column":40}},"53":{"start":{"line":128,"column":4},"end":{"line":128,"column":101}},"54":{"start":{"line":128,"column":85},"end":{"line":128,"column":101}},"55":{"start":{"line":129,"column":4},"end":{"line":129,"column":53}},"56":{"start":{"line":129,"column":34},"end":{"line":129,"column":53}},"57":{"start":{"line":130,"column":4},"end":{"line":130,"column":40}},"58":{"start":{"line":130,"column":24},"end":{"line":130,"column":40}},"59":{"start":{"line":131,"column":4},"end":{"line":131,"column":20}},"60":{"start":{"line":135,"column":26},"end":{"line":135,"column":44}},"61":{"start":{"line":136,"column":4},"end":{"line":136,"column":89}},"62":{"start":{"line":145,"column":4},"end":{"line":155,"column":5}},"63":{"start":{"line":146,"column":22},"end":{"line":146,"column":50}},"64":{"start":{"line":147,"column":23},"end":{"line":147,"column":25}},"65":{"start":{"line":148,"column":8},"end":{"line":151,"column":9}},"66":{"start":{"line":149,"column":25},"end":{"line":149,"column":78}},"67":{"start":{"line":150,"column":12},"end":{"line":150,"column":50}},"68":{"start":{"line":150,"column":33},"end":{"line":150,"column":50}},"69":{"start":{"line":152,"column":8},"end":{"line":152,"column":21}},"70":{"start":{"line":154,"column":8},"end":{"line":154,"column":17}},"71":{"start":{"line":161,"column":22},"end":{"line":161,"column":31}},"72":{"start":{"line":162,"column":4},"end":{"line":162,"column":78}},"73":{"start":{"line":162,"column":48},"end":{"line":162,"column":78}},"74":{"start":{"line":163,"column":4},"end":{"line":167,"column":5}},"75":{"start":{"line":164,"column":20},"end":{"line":164,"column":21}},"76":{"start":{"line":165,"column":8},"end":{"line":165,"column":63}},"77":{"start":{"line":165,"column":32},"end":{"line":165,"column":63}},"78":{"start":{"line":166,"column":8},"end":{"line":166,"column":55}},"79":{"start":{"line":166,"column":32},"end":{"line":166,"column":55}},"80":{"start":{"line":168,"column":4},"end":{"line":168,"column":20}},"81":{"start":{"line":173,"column":14},"end":{"line":173,"column":29}},"82":{"start":{"line":174,"column":4},"end":{"line":174,"column":39}},"83":{"start":{"line":174,"column":19},"end":{"line":174,"column":39}},"84":{"start":{"line":175,"column":4},"end":{"line":175,"column":34}},"85":{"start":{"line":175,"column":17},"end":{"line":175,"column":34}},"86":{"start":{"line":176,"column":4},"end":{"line":176,"column":52}},"87":{"start":{"line":176,"column":36},"end":{"line":176,"column":52}},"88":{"start":{"line":177,"column":4},"end":{"line":177,"column":56}},"89":{"start":{"line":177,"column":37},"end":{"line":177,"column":56}},"90":{"start":{"line":178,"column":4},"end":{"line":178,"column":24}},"91":{"start":{"line":186,"column":22},"end":{"line":186,"column":43}},"92":{"start":{"line":187,"column":22},"end":{"line":187,"column":43}},"93":{"start":{"line":188,"column":24},"end":{"line":188,"column":82}},"94":{"start":{"line":190,"column":17},"end":{"line":194,"column":6}},"95":{"start":{"line":196,"column":31},"end":{"line":196,"column":101}},"96":{"start":{"line":197,"column":26},"end":{"line":197,"column":82}},"97":{"start":{"line":199,"column":14},"end":{"line":204,"column":6}},"98":{"start":{"line":206,"column":24},"end":{"line":206,"column":44}},"99":{"start":{"line":207,"column":18},"end":{"line":212,"column":6}},"100":{"start":{"line":214,"column":4},"end":{"line":238,"column":5}},"101":{"start":{"line":243,"column":19},"end":{"line":243,"column":46}},"102":{"start":{"line":244,"column":17},"end":{"line":244,"column":63}},"103":{"start":{"line":247,"column":17},"end":{"line":247,"column":59}},"104":{"start":{"line":250,"column":49},"end":{"line":255,"column":6}},"105":{"start":{"line":258,"column":19},"end":{"line":258,"column":64}},"106":{"start":{"line":259,"column":19},"end":{"line":259,"column":64}},"107":{"start":{"line":261,"column":21},"end":{"line":261,"column":62}},"108":{"start":{"line":262,"column":23},"end":{"line":262,"column":61}},"109":{"start":{"line":262,"column":37},"end":{"line":262,"column":60}},"110":{"start":{"line":264,"column":4},"end":{"line":264,"column":87}},"111":{"start":{"line":268,"column":16},"end":{"line":268,"column":68}},"112":{"start":{"line":269,"column":4},"end":{"line":269,"column":36}},"113":{"start":{"line":272,"column":0},"end":{"line":295,"column":1}}},"fnMap":{"0":{"name":"leggiConfigurazione","decl":{"start":{"line":30,"column":15},"end":{"line":30,"column":34}},"loc":{"start":{"line":30,"column":37},"end":{"line":37,"column":1}},"line":30},"1":{"name":"tempoResiduoEventoSec","decl":{"start":{"line":41,"column":9},"end":{"line":41,"column":30}},"loc":{"start":{"line":41,"column":64},"end":{"line":48,"column":1}},"line":41},"2":{"name":"(anonymous_2)","decl":{"start":{"line":42,"column":55},"end":{"line":42,"column":56}},"loc":{"start":{"line":42,"column":60},"end":{"line":42,"column":75}},"line":42},"3":{"name":"aggregaConsumiFinestra","decl":{"start":{"line":52,"column":15},"end":{"line":52,"column":37}},"loc":{"start":{"line":52,"column":54},"end":{"line":57,"column":1}},"line":52},"4":{"name":"mediaStoricaFascia","decl":{"start":{"line":64,"column":15},"end":{"line":64,"column":33}},"loc":{"start":{"line":64,"column":71},"end":{"line":75,"column":1}},"line":64},"5":{"name":"calcolaPesi","decl":{"start":{"line":78,"column":9},"end":{"line":78,"column":20}},"loc":{"start":{"line":78,"column":81},"end":{"line":95,"column":1}},"line":78},"6":{"name":"consumoAtteso","decl":{"start":{"line":98,"column":9},"end":{"line":98,"column":22}},"loc":{"start":{"line":98,"column":76},"end":{"line":104,"column":1}},"line":98},"7":{"name":"tempoEsaurimentoSec","decl":{"start":{"line":107,"column":9},"end":{"line":107,"column":28}},"loc":{"start":{"line":107,"column":62},"end":{"line":111,"column":1}},"line":107},"8":{"name":"calcolaU","decl":{"start":{"line":114,"column":9},"end":{"line":114,"column":17}},"loc":{"start":{"line":114,"column":91},"end":{"line":123,"column":1}},"line":114},"9":{"name":"classifica","decl":{"start":{"line":126,"column":9},"end":{"line":126,"column":19}},"loc":{"start":{"line":126,"column":62},"end":{"line":132,"column":1}},"line":126},"10":{"name":"quantitaSuggerita","decl":{"start":{"line":134,"column":9},"end":{"line":134,"column":26}},"loc":{"start":{"line":134,"column":65},"end":{"line":137,"column":1}},"line":134},"11":{"name":"indiciCondivisione","decl":{"start":{"line":144,"column":15},"end":{"line":144,"column":33}},"loc":{"start":{"line":144,"column":36},"end":{"line":156,"column":1}},"line":144},"12":{"name":"aggregaConsumiCondivisi","decl":{"start":{"line":158,"column":9},"end":{"line":158,"column":32}},"loc":{"start":{"line":158,"column":62},"end":{"line":169,"column":1}},"line":158},"13":{"name":"derivaStatoVisivo","decl":{"start":{"line":172,"column":9},"end":{"line":172,"column":26}},"loc":{"start":{"line":172,"column":30},"end":{"line":179,"column":1}},"line":172},"14":{"name":"valutaVoce","decl":{"start":{"line":185,"column":9},"end":{"line":185,"column":19}},"loc":{"start":{"line":185,"column":66},"end":{"line":239,"column":1}},"line":185},"15":{"name":"eseguiPredizione","decl":{"start":{"line":242,"column":15},"end":{"line":242,"column":31}},"loc":{"start":{"line":242,"column":63},"end":{"line":265,"column":1}},"line":242},"16":{"name":"(anonymous_16)","decl":{"start":{"line":262,"column":32},"end":{"line":262,"column":33}},"loc":{"start":{"line":262,"column":37},"end":{"line":262,"column":60}},"line":262},"17":{"name":"eseguiPredizionePerVoce","decl":{"start":{"line":267,"column":15},"end":{"line":267,"column":38}},"loc":{"start":{"line":267,"column":48},"end":{"line":270,"column":1}},"line":267}},"branchMap":{"0":{"loc":{"start":{"line":33,"column":26},"end":{"line":33,"column":59}},"type":"binary-expr","locations":[{"start":{"line":33,"column":26},"end":{"line":33,"column":48}},{"start":{"line":33,"column":52},"end":{"line":33,"column":59}}],"line":33},"1":{"loc":{"start":{"line":34,"column":40},"end":{"line":34,"column":74}},"type":"binary-expr","locations":[{"start":{"line":34,"column":40},"end":{"line":34,"column":65}},{"start":{"line":34,"column":69},"end":{"line":34,"column":74}}],"line":34},"2":{"loc":{"start":{"line":35,"column":33},"end":{"line":35,"column":61}},"type":"binary-expr","locations":[{"start":{"line":35,"column":33},"end":{"line":35,"column":53}},{"start":{"line":35,"column":57},"end":{"line":35,"column":61}}],"line":35},"3":{"loc":{"start":{"line":41,"column":43},"end":{"line":41,"column":62}},"type":"default-arg","locations":[{"start":{"line":41,"column":52},"end":{"line":41,"column":62}}],"line":41},"4":{"loc":{"start":{"line":43,"column":4},"end":{"line":43,"column":40}},"type":"if","locations":[{"start":{"line":43,"column":4},"end":{"line":43,"column":40}},{"start":{},"end":{}}],"line":43},"5":{"loc":{"start":{"line":43,"column":8},"end":{"line":43,"column":30}},"type":"binary-expr","locations":[{"start":{"line":43,"column":8},"end":{"line":43,"column":17}},{"start":{"line":43,"column":21},"end":{"line":43,"column":30}}],"line":43},"6":{"loc":{"start":{"line":64,"column":50},"end":{"line":64,"column":69}},"type":"default-arg","locations":[{"start":{"line":64,"column":59},"end":{"line":64,"column":69}}],"line":64},"7":{"loc":{"start":{"line":70,"column":29},"end":{"line":70,"column":59}},"type":"binary-expr","locations":[{"start":{"line":70,"column":29},"end":{"line":70,"column":54}},{"start":{"line":70,"column":58},"end":{"line":70,"column":59}}],"line":70},"8":{"loc":{"start":{"line":71,"column":24},"end":{"line":71,"column":49}},"type":"binary-expr","locations":[{"start":{"line":71,"column":24},"end":{"line":71,"column":44}},{"start":{"line":71,"column":48},"end":{"line":71,"column":49}}],"line":71},"9":{"loc":{"start":{"line":80,"column":4},"end":{"line":85,"column":5}},"type":"if","locations":[{"start":{"line":80,"column":4},"end":{"line":85,"column":5}},{"start":{},"end":{}}],"line":80},"10":{"loc":{"start":{"line":91,"column":4},"end":{"line":93,"column":5}},"type":"if","locations":[{"start":{"line":91,"column":4},"end":{"line":93,"column":5}},{"start":{},"end":{}}],"line":91},"11":{"loc":{"start":{"line":91,"column":8},"end":{"line":91,"column":70}},"type":"binary-expr","locations":[{"start":{"line":91,"column":8},"end":{"line":91,"column":24}},{"start":{"line":91,"column":28},"end":{"line":91,"column":70}}],"line":91},"12":{"loc":{"start":{"line":108,"column":4},"end":{"line":108,"column":77}},"type":"if","locations":[{"start":{"line":108,"column":4},"end":{"line":108,"column":77}},{"start":{},"end":{}}],"line":108},"13":{"loc":{"start":{"line":108,"column":8},"end":{"line":108,"column":60}},"type":"binary-expr","locations":[{"start":{"line":108,"column":8},"end":{"line":108,"column":30}},{"start":{"line":108,"column":34},"end":{"line":108,"column":60}}],"line":108},"14":{"loc":{"start":{"line":115,"column":25},"end":{"line":115,"column":57}},"type":"binary-expr","locations":[{"start":{"line":115,"column":25},"end":{"line":115,"column":50}},{"start":{"line":115,"column":54},"end":{"line":115,"column":57}}],"line":115},"15":{"loc":{"start":{"line":116,"column":19},"end":{"line":116,"column":87}},"type":"cond-expr","locations":[{"start":{"line":116,"column":48},"end":{"line":116,"column":71}},{"start":{"line":116,"column":74},"end":{"line":116,"column":87}}],"line":116},"16":{"loc":{"start":{"line":119,"column":4},"end":{"line":121,"column":5}},"type":"if","locations":[{"start":{"line":119,"column":4},"end":{"line":121,"column":5}},{"start":{},"end":{}}],"line":119},"17":{"loc":{"start":{"line":119,"column":8},"end":{"line":119,"column":57}},"type":"binary-expr","locations":[{"start":{"line":119,"column":8},"end":{"line":119,"column":21}},{"start":{"line":119,"column":25},"end":{"line":119,"column":57}}],"line":119},"18":{"loc":{"start":{"line":127,"column":4},"end":{"line":127,"column":40}},"type":"if","locations":[{"start":{"line":127,"column":4},"end":{"line":127,"column":40}},{"start":{},"end":{}}],"line":127},"19":{"loc":{"start":{"line":128,"column":4},"end":{"line":128,"column":101}},"type":"if","locations":[{"start":{"line":128,"column":4},"end":{"line":128,"column":101}},{"start":{},"end":{}}],"line":128},"20":{"loc":{"start":{"line":128,"column":8},"end":{"line":128,"column":83}},"type":"binary-expr","locations":[{"start":{"line":128,"column":8},"end":{"line":128,"column":15}},{"start":{"line":128,"column":20},"end":{"line":128,"column":49}},{"start":{"line":128,"column":53},"end":{"line":128,"column":82}}],"line":128},"21":{"loc":{"start":{"line":129,"column":4},"end":{"line":129,"column":53}},"type":"if","locations":[{"start":{"line":129,"column":4},"end":{"line":129,"column":53}},{"start":{},"end":{}}],"line":129},"22":{"loc":{"start":{"line":129,"column":8},"end":{"line":129,"column":32}},"type":"binary-expr","locations":[{"start":{"line":129,"column":8},"end":{"line":129,"column":13}},{"start":{"line":129,"column":17},"end":{"line":129,"column":32}}],"line":129},"23":{"loc":{"start":{"line":130,"column":4},"end":{"line":130,"column":40}},"type":"if","locations":[{"start":{"line":130,"column":4},"end":{"line":130,"column":40}},{"start":{},"end":{}}],"line":130},"24":{"loc":{"start":{"line":150,"column":12},"end":{"line":150,"column":50}},"type":"if","locations":[{"start":{"line":150,"column":12},"end":{"line":150,"column":50}},{"start":{},"end":{}}],"line":150},"25":{"loc":{"start":{"line":165,"column":41},"end":{"line":165,"column":63}},"type":"binary-expr","locations":[{"start":{"line":165,"column":41},"end":{"line":165,"column":58}},{"start":{"line":165,"column":62},"end":{"line":165,"column":63}}],"line":165},"26":{"loc":{"start":{"line":173,"column":14},"end":{"line":173,"column":29}},"type":"binary-expr","locations":[{"start":{"line":173,"column":14},"end":{"line":173,"column":24}},{"start":{"line":173,"column":28},"end":{"line":173,"column":29}}],"line":173},"27":{"loc":{"start":{"line":174,"column":4},"end":{"line":174,"column":39}},"type":"if","locations":[{"start":{"line":174,"column":4},"end":{"line":174,"column":39}},{"start":{},"end":{}}],"line":174},"28":{"loc":{"start":{"line":175,"column":4},"end":{"line":175,"column":34}},"type":"if","locations":[{"start":{"line":175,"column":4},"end":{"line":175,"column":34}},{"start":{},"end":{}}],"line":175},"29":{"loc":{"start":{"line":176,"column":4},"end":{"line":176,"column":52}},"type":"if","locations":[{"start":{"line":176,"column":4},"end":{"line":176,"column":52}},{"start":{},"end":{}}],"line":176},"30":{"loc":{"start":{"line":176,"column":14},"end":{"line":176,"column":33}},"type":"binary-expr","locations":[{"start":{"line":176,"column":14},"end":{"line":176,"column":28}},{"start":{"line":176,"column":32},"end":{"line":176,"column":33}}],"line":176},"31":{"loc":{"start":{"line":177,"column":4},"end":{"line":177,"column":56}},"type":"if","locations":[{"start":{"line":177,"column":4},"end":{"line":177,"column":56}},{"start":{},"end":{}}],"line":177},"32":{"loc":{"start":{"line":177,"column":14},"end":{"line":177,"column":34}},"type":"binary-expr","locations":[{"start":{"line":177,"column":14},"end":{"line":177,"column":29}},{"start":{"line":177,"column":33},"end":{"line":177,"column":34}}],"line":177},"33":{"loc":{"start":{"line":186,"column":22},"end":{"line":186,"column":43}},"type":"binary-expr","locations":[{"start":{"line":186,"column":22},"end":{"line":186,"column":38}},{"start":{"line":186,"column":42},"end":{"line":186,"column":43}}],"line":186},"34":{"loc":{"start":{"line":187,"column":22},"end":{"line":187,"column":43}},"type":"binary-expr","locations":[{"start":{"line":187,"column":22},"end":{"line":187,"column":38}},{"start":{"line":187,"column":42},"end":{"line":187,"column":43}}],"line":187},"35":{"loc":{"start":{"line":188,"column":24},"end":{"line":188,"column":82}},"type":"binary-expr","locations":[{"start":{"line":188,"column":24},"end":{"line":188,"column":41}},{"start":{"line":188,"column":45},"end":{"line":188,"column":82}}],"line":188},"36":{"loc":{"start":{"line":197,"column":46},"end":{"line":197,"column":61}},"type":"binary-expr","locations":[{"start":{"line":197,"column":46},"end":{"line":197,"column":56}},{"start":{"line":197,"column":60},"end":{"line":197,"column":61}}],"line":197},"37":{"loc":{"start":{"line":208,"column":18},"end":{"line":208,"column":33}},"type":"binary-expr","locations":[{"start":{"line":208,"column":18},"end":{"line":208,"column":28}},{"start":{"line":208,"column":32},"end":{"line":208,"column":33}}],"line":208},"38":{"loc":{"start":{"line":220,"column":26},"end":{"line":220,"column":41}},"type":"binary-expr","locations":[{"start":{"line":220,"column":26},"end":{"line":220,"column":36}},{"start":{"line":220,"column":40},"end":{"line":220,"column":41}}],"line":220},"39":{"loc":{"start":{"line":230,"column":31},"end":{"line":230,"column":92}},"type":"cond-expr","locations":[{"start":{"line":230,"column":60},"end":{"line":230,"column":64}},{"start":{"line":230,"column":67},"end":{"line":230,"column":92}}],"line":230},"40":{"loc":{"start":{"line":235,"column":22},"end":{"line":237,"column":18}},"type":"cond-expr","locations":[{"start":{"line":236,"column":14},"end":{"line":236,"column":95}},{"start":{"line":237,"column":14},"end":{"line":237,"column":18}}],"line":235},"41":{"loc":{"start":{"line":242,"column":32},"end":{"line":242,"column":61}},"type":"default-arg","locations":[{"start":{"line":242,"column":59},"end":{"line":242,"column":61}}],"line":242},"42":{"loc":{"start":{"line":242,"column":34},"end":{"line":242,"column":54}},"type":"default-arg","locations":[{"start":{"line":242,"column":50},"end":{"line":242,"column":54}}],"line":242},"43":{"loc":{"start":{"line":269,"column":11},"end":{"line":269,"column":36}},"type":"binary-expr","locations":[{"start":{"line":269,"column":11},"end":{"line":269,"column":28}},{"start":{"line":269,"column":32},"end":{"line":269,"column":36}}],"line":269}},"s":{"0":1,"1":1,"2":1,"3":1,"4":1,"5":1,"6":1,"7":1,"8":1,"9":0,"10":0,"11":2,"12":4,"13":2,"14":0,"15":2,"16":2,"17":2,"18":2,"19":0,"20":0,"21":0,"22":0,"23":0,"24":0,"25":0,"26":0,"27":0,"28":0,"29":0,"30":6,"31":2,"32":4,"33":4,"34":4,"35":1,"36":3,"37":4,"38":4,"39":4,"40":4,"41":6,"42":3,"43":3,"44":3,"45":7,"46":7,"47":7,"48":7,"49":5,"50":7,"51":6,"52":2,"53":4,"54":2,"55":2,"56":1,"57":1,"58":1,"59":0,"60":2,"61":2,"62":0,"63":0,"64":0,"65":0,"66":0,"67":0,"68":0,"69":0,"70":0,"71":1,"72":1,"73":3,"74":1,"75":1,"76":1,"77":2,"78":1,"79":2,"80":1,"81":7,"82":7,"83":1,"84":6,"85":2,"86":4,"87":1,"88":3,"89":1,"90":2,"91":2,"92":2,"93":2,"94":2,"95":2,"96":2,"97":2,"98":2,"99":2,"100":2,"101":0,"102":0,"103":0,"104":0,"105":0,"106":0,"107":0,"108":0,"109":0,"110":0,"111":0,"112":0,"113":1},"f":{"0":0,"1":2,"2":4,"3":0,"4":0,"5":6,"6":4,"7":6,"8":7,"9":6,"10":2,"11":0,"12":1,"13":7,"14":2,"15":0,"16":0,"17":0},"b":{"0":[0,0],"1":[0,0],"2":[0,0],"3":[2],"4":[0,2],"5":[2,2],"6":[0],"7":[0,0],"8":[0,0],"9":[2,4],"10":[1,3],"11":[4,3],"12":[3,3],"13":[6,4],"14":[7,0],"15":[1,6],"16":[5,2],"17":[7,5],"18":[2,4],"19":[2,2],"20":[4,2,0],"21":[1,1],"22":[2,2],"23":[1,0],"24":[0,0],"25":[2,0],"26":[7,2],"27":[1,6],"28":[2,4],"29":[1,3],"30":[4,0],"31":[1,2],"32":[3,0],"33":[2,1],"34":[2,1],"35":[2,1],"36":[2,1],"37":[2,1],"38":[2,1],"39":[1,1],"40":[0,2],"41":[0],"42":[0],"43":[0,0]},"meta":{"lastBranch":44,"lastFunction":18,"lastStatement":114,"seen":{"s:17:13:17:55":0,"s:18:27:18:73":1,"s:21:21:21:58":2,"s:22:19:22:58":3,"s:23:26:23:29":4,"s:24:32:24:33":5,"s:25:32:25:35":6,"s:26:36:26:39":7,"s:27:24:27:61":8,"f:30:15:30:34":0,"s:31:18:31:55":9,"s:32:4:36:5":10,"b:33:26:33:48:33:52:33:59":0,"b:34:40:34:65:34:69:34:74":1,"b:35:33:35:53:35:57:35:61":2,"f:41:9:41:30":1,"b:41:52:41:62":3,"s:42:21:42:76":11,"f:42:55:42:56":2,"s:42:60:42:75":12,"b:43:4:43:40:undefined:undefined:undefined:undefined":4,"s:43:4:43:40":13,"b:43:8:43:17:43:21:43:30":5,"s:43:32:43:40":14,"s:44:17:44:33":15,"s:45:4:45:31":16,"s:46:19:46:52":17,"s:47:4:47:49":18,"f:52:15:52:37":3,"s:53:18:53:60":19,"s:54:18:54:27":20,"s:55:4:55:65":21,"s:55:27:55:65":22,"s:56:4:56:16":23,"f:64:15:64:33":4,"b:64:59:64:69":6,"s:65:24:65:41":24,"s:66:18:66:70":25,"s:67:18:67:27":26,"s:68:4:73:5":27,"s:69:8:72:10":28,"b:70:29:70:54:70:58:70:59":7,"b:71:24:71:44:71:48:71:49":8,"s:74:4:74:16":29,"f:78:9:78:20":5,"b:80:4:85:5:undefined:undefined:undefined:undefined":9,"s:80:4:85:5":30,"s:81:8:84:39":31,"s:89:20:89:37":32,"s:90:25:90:50":33,"b:91:4:93:5:undefined:undefined:undefined:undefined":10,"s:91:4:93:5":34,"b:91:8:91:24:91:28:91:70":11,"s:92:8:92:51":35,"s:94:4:94:51":36,"f:98:9:98:22":6,"s:100:20:100:37":37,"s:101:20:101:34":38,"s:102:25:102:50":39,"s:103:4:103:81":40,"f:107:9:107:28":7,"b:108:4:108:77:undefined:undefined:undefined:undefined":12,"s:108:4:108:77":41,"b:108:8:108:30:108:34:108:60":13,"s:108:62:108:77":42,"s:109:19:109:51":43,"s:110:4:110:22":44,"f:114:9:114:17":8,"s:115:25:115:57":45,"b:115:25:115:50:115:54:115:57":14,"s:116:19:116:87":46,"b:116:48:116:71:116:74:116:87":15,"s:117:12:117:62":47,"b:119:4:121:5:undefined:undefined:undefined:undefined":16,"s:119:4:121:5":48,"b:119:8:119:21:119:25:119:57":17,"s:120:8:120:36":49,"s:122:4:122:12":50,"f:126:9:126:19":9,"b:127:4:127:40:undefined:undefined:undefined:undefined":18,"s:127:4:127:40":51,"s:127:23:127:40":52,"b:128:4:128:101:undefined:undefined:undefined:undefined":19,"s:128:4:128:101":53,"b:128:8:128:15:128:20:128:49:128:53:128:82":20,"s:128:85:128:101":54,"b:129:4:129:53:undefined:undefined:undefined:undefined":21,"s:129:4:129:53":55,"b:129:8:129:13:129:17:129:32":22,"s:129:34:129:53":56,"b:130:4:130:40:undefined:undefined:undefined:undefined":23,"s:130:4:130:40":57,"s:130:24:130:40":58,"s:131:4:131:20":59,"f:134:9:134:26":10,"s:135:26:135:44":60,"s:136:4:136:89":61,"f:144:15:144:33":11,"s:145:4:155:5":62,"s:146:22:146:50":63,"s:147:23:147:25":64,"s:148:8:151:9":65,"s:149:25:149:78":66,"b:150:12:150:50:undefined:undefined:undefined:undefined":24,"s:150:12:150:50":67,"s:150:33:150:50":68,"s:152:8:152:21":69,"s:154:8:154:17":70,"f:158:9:158:32":12,"s:161:22:161:31":71,"s:162:4:162:78":72,"s:162:48:162:78":73,"s:163:4:167:5":74,"s:164:20:164:21":75,"s:165:8:165:63":76,"s:165:32:165:63":77,"b:165:41:165:58:165:62:165:63":25,"s:166:8:166:55":78,"s:166:32:166:55":79,"s:168:4:168:20":80,"f:172:9:172:26":13,"s:173:14:173:29":81,"b:173:14:173:24:173:28:173:29":26,"b:174:4:174:39:undefined:undefined:undefined:undefined":27,"s:174:4:174:39":82,"s:174:19:174:39":83,"b:175:4:175:34:undefined:undefined:undefined:undefined":28,"s:175:4:175:34":84,"s:175:17:175:34":85,"b:176:4:176:52:undefined:undefined:undefined:undefined":29,"s:176:4:176:52":86,"b:176:14:176:28:176:32:176:33":30,"s:176:36:176:52":87,"b:177:4:177:56:undefined:undefined:undefined:undefined":31,"s:177:4:177:56":88,"b:177:14:177:29:177:33:177:34":32,"s:177:37:177:56":89,"s:178:4:178:24":90,"f:185:9:185:19":14,"s:186:22:186:43":91,"b:186:22:186:38:186:42:186:43":33,"s:187:22:187:43":92,"b:187:22:187:38:187:42:187:43":34,"s:188:24:188:82":93,"b:188:24:188:41:188:45:188:82":35,"s:190:17:194:6":94,"s:196:31:196:101":95,"s:197:26:197:82":96,"b:197:46:197:56:197:60:197:61":36,"s:199:14:204:6":97,"s:206:24:206:44":98,"s:207:18:212:6":99,"b:208:18:208:28:208:32:208:33":37,"s:214:4:238:5":100,"b:220:26:220:36:220:40:220:41":38,"b:230:60:230:64:230:67:230:92":39,"b:236:14:236:95:237:14:237:18":40,"f:242:15:242:31":15,"b:242:59:242:61":41,"b:242:50:242:54":42,"s:243:19:243:46":101,"s:244:17:244:63":102,"s:247:17:247:59":103,"s:250:49:255:6":104,"s:258:19:258:64":105,"s:259:19:259:64":106,"s:261:21:261:62":107,"s:262:23:262:61":108,"f:262:32:262:33":16,"s:262:37:262:60":109,"s:264:4:264:87":110,"f:267:15:267:38":17,"s:268:16:268:68":111,"s:269:4:269:36":112,"b:269:11:269:28:269:32:269:36":43,"s:272:0:295:1":113}}}
,"C:\\Users\\masig\\Documents\\GitHub\\Progetto-PAC\\CODE\\gestionale-feste\\backend\\src\\services\\smistatore.js": {"path":"C:\\Users\\masig\\Documents\\GitHub\\Progetto-PAC\\CODE\\gestionale-feste\\backend\\src\\services\\smistatore.js","statementMap":{"0":{"start":{"line":6,"column":13},"end":{"line":6,"column":59}},"1":{"start":{"line":7,"column":21},"end":{"line":7,"column":24}},"2":{"start":{"line":8,"column":21},"end":{"line":8,"column":24}},"3":{"start":{"line":9,"column":27},"end":{"line":9,"column":28}},"4":{"start":{"line":10,"column":26},"end":{"line":10,"column":32}},"5":{"start":{"line":11,"column":27},"end":{"line":11,"column":29}},"6":{"start":{"line":14,"column":13},"end":{"line":14,"column":22}},"7":{"start":{"line":16,"column":23},"end":{"line":16,"column":32}},"8":{"start":{"line":18,"column":24},"end":{"line":18,"column":33}},"9":{"start":{"line":21,"column":4},"end":{"line":21,"column":49}},"10":{"start":{"line":21,"column":28},"end":{"line":21,"column":49}},"11":{"start":{"line":22,"column":4},"end":{"line":22,"column":28}},"12":{"start":{"line":26,"column":4},"end":{"line":26,"column":52}},"13":{"start":{"line":31,"column":18},"end":{"line":31,"column":34}},"14":{"start":{"line":32,"column":14},"end":{"line":32,"column":26}},"15":{"start":{"line":33,"column":4},"end":{"line":33,"column":25}},"16":{"start":{"line":33,"column":17},"end":{"line":33,"column":25}},"17":{"start":{"line":34,"column":18},"end":{"line":34,"column":88}},"18":{"start":{"line":34,"column":43},"end":{"line":34,"column":84}},"19":{"start":{"line":35,"column":18},"end":{"line":35,"column":62}},"20":{"start":{"line":36,"column":17},"end":{"line":36,"column":62}},"21":{"start":{"line":37,"column":4},"end":{"line":37,"column":35}},"22":{"start":{"line":42,"column":17},"end":{"line":42,"column":21}},"23":{"start":{"line":42,"column":35},"end":{"line":42,"column":43}},"24":{"start":{"line":42,"column":57},"end":{"line":42,"column":65}},"25":{"start":{"line":43,"column":4},"end":{"line":52,"column":5}},"26":{"start":{"line":44,"column":18},"end":{"line":44,"column":34}},"27":{"start":{"line":45,"column":21},"end":{"line":45,"column":31}},"28":{"start":{"line":46,"column":23},"end":{"line":46,"column":72}},"29":{"start":{"line":47,"column":8},"end":{"line":51,"column":9}},"30":{"start":{"line":48,"column":12},"end":{"line":48,"column":25}},"31":{"start":{"line":49,"column":12},"end":{"line":49,"column":30}},"32":{"start":{"line":50,"column":12},"end":{"line":50,"column":22}},"33":{"start":{"line":53,"column":4},"end":{"line":53,"column":17}},"34":{"start":{"line":58,"column":20},"end":{"line":58,"column":49}},"35":{"start":{"line":59,"column":22},"end":{"line":59,"column":61}},"36":{"start":{"line":60,"column":14},"end":{"line":60,"column":73}},"37":{"start":{"line":61,"column":19},"end":{"line":61,"column":41}},"38":{"start":{"line":62,"column":20},"end":{"line":62,"column":44}},"39":{"start":{"line":63,"column":4},"end":{"line":63,"column":98}},"40":{"start":{"line":67,"column":21},"end":{"line":67,"column":53}},"41":{"start":{"line":68,"column":21},"end":{"line":68,"column":56}},"42":{"start":{"line":69,"column":22},"end":{"line":69,"column":45}},"43":{"start":{"line":71,"column":19},"end":{"line":71,"column":52}},"44":{"start":{"line":72,"column":4},"end":{"line":72,"column":40}},"45":{"start":{"line":72,"column":27},"end":{"line":72,"column":40}},"46":{"start":{"line":73,"column":4},"end":{"line":73,"column":21}},"47":{"start":{"line":77,"column":32},"end":{"line":77,"column":122}},"48":{"start":{"line":78,"column":4},"end":{"line":80,"column":5}},"49":{"start":{"line":79,"column":8},"end":{"line":79,"column":185}},"50":{"start":{"line":81,"column":18},"end":{"line":81,"column":63}},"51":{"start":{"line":83,"column":20},"end":{"line":83,"column":62}},"52":{"start":{"line":84,"column":18},"end":{"line":84,"column":45}},"53":{"start":{"line":85,"column":16},"end":{"line":85,"column":43}},"54":{"start":{"line":86,"column":20},"end":{"line":86,"column":134}},"55":{"start":{"line":87,"column":18},"end":{"line":87,"column":20}},"56":{"start":{"line":88,"column":4},"end":{"line":103,"column":5}},"57":{"start":{"line":88,"column":17},"end":{"line":88,"column":18}},"58":{"start":{"line":89,"column":8},"end":{"line":102,"column":10}},"59":{"start":{"line":104,"column":4},"end":{"line":104,"column":20}},"60":{"start":{"line":108,"column":23},"end":{"line":108,"column":32}},"61":{"start":{"line":109,"column":4},"end":{"line":112,"column":5}},"62":{"start":{"line":110,"column":8},"end":{"line":110,"column":89}},"63":{"start":{"line":110,"column":50},"end":{"line":110,"column":89}},"64":{"start":{"line":111,"column":8},"end":{"line":111,"column":51}},"65":{"start":{"line":113,"column":22},"end":{"line":113,"column":31}},"66":{"start":{"line":114,"column":4},"end":{"line":128,"column":5}},"67":{"start":{"line":115,"column":26},"end":{"line":115,"column":35}},"68":{"start":{"line":116,"column":8},"end":{"line":126,"column":9}},"69":{"start":{"line":117,"column":27},"end":{"line":117,"column":36}},"70":{"start":{"line":118,"column":30},"end":{"line":118,"column":51}},"71":{"start":{"line":119,"column":12},"end":{"line":125,"column":13}},"72":{"start":{"line":120,"column":16},"end":{"line":120,"column":48}},"73":{"start":{"line":121,"column":16},"end":{"line":121,"column":63}},"74":{"start":{"line":122,"column":16},"end":{"line":122,"column":56}},"75":{"start":{"line":124,"column":16},"end":{"line":124,"column":66}},"76":{"start":{"line":127,"column":8},"end":{"line":127,"column":81}},"77":{"start":{"line":127,"column":70},"end":{"line":127,"column":79}},"78":{"start":{"line":129,"column":4},"end":{"line":129,"column":20}},"79":{"start":{"line":134,"column":16},"end":{"line":134,"column":26}},"80":{"start":{"line":135,"column":18},"end":{"line":135,"column":20}},"81":{"start":{"line":136,"column":21},"end":{"line":136,"column":23}},"82":{"start":{"line":138,"column":4},"end":{"line":142,"column":5}},"83":{"start":{"line":139,"column":40},"end":{"line":139,"column":82}},"84":{"start":{"line":140,"column":8},"end":{"line":140,"column":59}},"85":{"start":{"line":140,"column":24},"end":{"line":140,"column":48}},"86":{"start":{"line":140,"column":49},"end":{"line":140,"column":57}},"87":{"start":{"line":141,"column":8},"end":{"line":141,"column":25}},"88":{"start":{"line":145,"column":22},"end":{"line":145,"column":24}},"89":{"start":{"line":146,"column":4},"end":{"line":153,"column":5}},"90":{"start":{"line":147,"column":24},"end":{"line":147,"column":45}},"91":{"start":{"line":148,"column":30},"end":{"line":148,"column":68}},"92":{"start":{"line":149,"column":8},"end":{"line":149,"column":38}},"93":{"start":{"line":150,"column":27},"end":{"line":150,"column":69}},"94":{"start":{"line":151,"column":8},"end":{"line":151,"column":69}},"95":{"start":{"line":152,"column":8},"end":{"line":152,"column":34}},"96":{"start":{"line":155,"column":23},"end":{"line":155,"column":54}},"97":{"start":{"line":157,"column":20},"end":{"line":157,"column":22}},"98":{"start":{"line":158,"column":4},"end":{"line":173,"column":5}},"99":{"start":{"line":159,"column":8},"end":{"line":172,"column":10}},"100":{"start":{"line":165,"column":40},"end":{"line":171,"column":13}},"101":{"start":{"line":175,"column":4},"end":{"line":179,"column":6}},"102":{"start":{"line":176,"column":19},"end":{"line":176,"column":60}},"103":{"start":{"line":177,"column":19},"end":{"line":177,"column":60}},"104":{"start":{"line":178,"column":8},"end":{"line":178,"column":22}},"105":{"start":{"line":181,"column":4},"end":{"line":181,"column":32}},"106":{"start":{"line":186,"column":17},"end":{"line":186,"column":33}},"107":{"start":{"line":187,"column":16},"end":{"line":187,"column":103}},"108":{"start":{"line":187,"column":36},"end":{"line":187,"column":102}},"109":{"start":{"line":188,"column":4},"end":{"line":188,"column":37}},"110":{"start":{"line":188,"column":18},"end":{"line":188,"column":37}},"111":{"start":{"line":189,"column":4},"end":{"line":189,"column":19}},"112":{"start":{"line":193,"column":4},"end":{"line":193,"column":75}},"113":{"start":{"line":197,"column":4},"end":{"line":197,"column":93}},"114":{"start":{"line":201,"column":26},"end":{"line":201,"column":28}},"115":{"start":{"line":202,"column":4},"end":{"line":215,"column":5}},"116":{"start":{"line":203,"column":8},"end":{"line":214,"column":9}},"117":{"start":{"line":207,"column":34},"end":{"line":213,"column":13}},"118":{"start":{"line":216,"column":4},"end":{"line":216,"column":24}},"119":{"start":{"line":220,"column":4},"end":{"line":220,"column":16}},"120":{"start":{"line":223,"column":0},"end":{"line":232,"column":1}}},"fnMap":{"0":{"name":"getCoda","decl":{"start":{"line":20,"column":9},"end":{"line":20,"column":16}},"loc":{"start":{"line":20,"column":26},"end":{"line":23,"column":1}},"line":20},"1":{"name":"stampanteOnline","decl":{"start":{"line":25,"column":9},"end":{"line":25,"column":24}},"loc":{"start":{"line":25,"column":34},"end":{"line":27,"column":1}},"line":25},"2":{"name":"caricoReparto","decl":{"start":{"line":30,"column":9},"end":{"line":30,"column":22}},"loc":{"start":{"line":30,"column":32},"end":{"line":38,"column":1}},"line":30},"3":{"name":"(anonymous_3)","decl":{"start":{"line":34,"column":31},"end":{"line":34,"column":32}},"loc":{"start":{"line":34,"column":43},"end":{"line":34,"column":84}},"line":34},"4":{"name":"selectMinCarico","decl":{"start":{"line":41,"column":9},"end":{"line":41,"column":24}},"loc":{"start":{"line":41,"column":45},"end":{"line":54,"column":1}},"line":41},"5":{"name":"calcolaRanking","decl":{"start":{"line":57,"column":9},"end":{"line":57,"column":23}},"loc":{"start":{"line":57,"column":57},"end":{"line":64,"column":1}},"line":57},"6":{"name":"repartiCompatibili","decl":{"start":{"line":66,"column":9},"end":{"line":66,"column":27}},"loc":{"start":{"line":66,"column":34},"end":{"line":74,"column":1}},"line":66},"7":{"name":"rigaToTasks","decl":{"start":{"line":76,"column":9},"end":{"line":76,"column":20}},"loc":{"start":{"line":76,"column":51},"end":{"line":105,"column":1}},"line":76},"8":{"name":"batchPerReparto","decl":{"start":{"line":107,"column":9},"end":{"line":107,"column":24}},"loc":{"start":{"line":107,"column":45},"end":{"line":130,"column":1}},"line":107},"9":{"name":"(anonymous_9)","decl":{"start":{"line":127,"column":60},"end":{"line":127,"column":61}},"loc":{"start":{"line":127,"column":70},"end":{"line":127,"column":79}},"line":127},"10":{"name":"routeOrder","decl":{"start":{"line":133,"column":9},"end":{"line":133,"column":19}},"loc":{"start":{"line":133,"column":59},"end":{"line":182,"column":1}},"line":133},"11":{"name":"(anonymous_11)","decl":{"start":{"line":165,"column":34},"end":{"line":165,"column":35}},"loc":{"start":{"line":165,"column":40},"end":{"line":171,"column":13}},"line":165},"12":{"name":"(anonymous_12)","decl":{"start":{"line":175,"column":17},"end":{"line":175,"column":18}},"loc":{"start":{"line":175,"column":27},"end":{"line":179,"column":5}},"line":175},"13":{"name":"completaTask","decl":{"start":{"line":185,"column":9},"end":{"line":185,"column":21}},"loc":{"start":{"line":185,"column":51},"end":{"line":190,"column":1}},"line":185},"14":{"name":"(anonymous_14)","decl":{"start":{"line":187,"column":31},"end":{"line":187,"column":32}},"loc":{"start":{"line":187,"column":36},"end":{"line":187,"column":102}},"line":187},"15":{"name":"setStatoStampante","decl":{"start":{"line":192,"column":9},"end":{"line":192,"column":26}},"loc":{"start":{"line":192,"column":43},"end":{"line":194,"column":1}},"line":192},"16":{"name":"setFallback","decl":{"start":{"line":196,"column":9},"end":{"line":196,"column":20}},"loc":{"start":{"line":196,"column":50},"end":{"line":198,"column":1}},"line":196},"17":{"name":"snapshot","decl":{"start":{"line":200,"column":9},"end":{"line":200,"column":17}},"loc":{"start":{"line":200,"column":20},"end":{"line":217,"column":1}},"line":200},"18":{"name":"(anonymous_18)","decl":{"start":{"line":207,"column":28},"end":{"line":207,"column":29}},"loc":{"start":{"line":207,"column":34},"end":{"line":213,"column":13}},"line":207},"19":{"name":"reset","decl":{"start":{"line":219,"column":9},"end":{"line":219,"column":14}},"loc":{"start":{"line":219,"column":17},"end":{"line":221,"column":1}},"line":219}},"branchMap":{"0":{"loc":{"start":{"line":21,"column":4},"end":{"line":21,"column":49}},"type":"if","locations":[{"start":{"line":21,"column":4},"end":{"line":21,"column":49}},{"start":{},"end":{}}],"line":21},"1":{"loc":{"start":{"line":33,"column":4},"end":{"line":33,"column":25}},"type":"if","locations":[{"start":{"line":33,"column":4},"end":{"line":33,"column":25}},{"start":{},"end":{}}],"line":33},"2":{"loc":{"start":{"line":34,"column":50},"end":{"line":34,"column":83}},"type":"binary-expr","locations":[{"start":{"line":34,"column":50},"end":{"line":34,"column":78}},{"start":{"line":34,"column":82},"end":{"line":34,"column":83}}],"line":34},"3":{"loc":{"start":{"line":35,"column":18},"end":{"line":35,"column":62}},"type":"cond-expr","locations":[{"start":{"line":35,"column":44},"end":{"line":35,"column":56}},{"start":{"line":35,"column":59},"end":{"line":35,"column":62}}],"line":35},"4":{"loc":{"start":{"line":36,"column":17},"end":{"line":36,"column":62}},"type":"cond-expr","locations":[{"start":{"line":36,"column":44},"end":{"line":36,"column":47}},{"start":{"line":36,"column":50},"end":{"line":36,"column":62}}],"line":36},"5":{"loc":{"start":{"line":46,"column":23},"end":{"line":46,"column":72}},"type":"cond-expr","locations":[{"start":{"line":46,"column":37},"end":{"line":46,"column":68}},{"start":{"line":46,"column":71},"end":{"line":46,"column":72}}],"line":46},"6":{"loc":{"start":{"line":47,"column":8},"end":{"line":51,"column":9}},"type":"if","locations":[{"start":{"line":47,"column":8},"end":{"line":51,"column":9}},{"start":{},"end":{}}],"line":47},"7":{"loc":{"start":{"line":47,"column":12},"end":{"line":47,"column":68}},"type":"binary-expr","locations":[{"start":{"line":47,"column":12},"end":{"line":47,"column":25}},{"start":{"line":47,"column":30},"end":{"line":47,"column":45}},{"start":{"line":47,"column":49},"end":{"line":47,"column":67}}],"line":47},"8":{"loc":{"start":{"line":57,"column":39},"end":{"line":57,"column":55}},"type":"default-arg","locations":[{"start":{"line":57,"column":45},"end":{"line":57,"column":55}}],"line":57},"9":{"loc":{"start":{"line":59,"column":22},"end":{"line":59,"column":61}},"type":"cond-expr","locations":[{"start":{"line":59,"column":52},"end":{"line":59,"column":55}},{"start":{"line":59,"column":58},"end":{"line":59,"column":61}}],"line":59},"10":{"loc":{"start":{"line":60,"column":22},"end":{"line":60,"column":67}},"type":"binary-expr","locations":[{"start":{"line":60,"column":22},"end":{"line":60,"column":45}},{"start":{"line":60,"column":49},"end":{"line":60,"column":67}}],"line":60},"11":{"loc":{"start":{"line":62,"column":20},"end":{"line":62,"column":44}},"type":"binary-expr","locations":[{"start":{"line":62,"column":20},"end":{"line":62,"column":39}},{"start":{"line":62,"column":43},"end":{"line":62,"column":44}}],"line":62},"12":{"loc":{"start":{"line":67,"column":21},"end":{"line":67,"column":53}},"type":"binary-expr","locations":[{"start":{"line":67,"column":21},"end":{"line":67,"column":40}},{"start":{"line":67,"column":44},"end":{"line":67,"column":53}}],"line":67},"13":{"loc":{"start":{"line":68,"column":21},"end":{"line":68,"column":56}},"type":"binary-expr","locations":[{"start":{"line":68,"column":21},"end":{"line":68,"column":50}},{"start":{"line":68,"column":54},"end":{"line":68,"column":56}}],"line":68},"14":{"loc":{"start":{"line":72,"column":4},"end":{"line":72,"column":40}},"type":"if","locations":[{"start":{"line":72,"column":4},"end":{"line":72,"column":40}},{"start":{},"end":{}}],"line":72},"15":{"loc":{"start":{"line":77,"column":32},"end":{"line":77,"column":122}},"type":"binary-expr","locations":[{"start":{"line":77,"column":32},"end":{"line":77,"column":50}},{"start":{"line":77,"column":54},"end":{"line":77,"column":82}},{"start":{"line":77,"column":86},"end":{"line":77,"column":122}}],"line":77},"16":{"loc":{"start":{"line":78,"column":4},"end":{"line":80,"column":5}},"type":"if","locations":[{"start":{"line":78,"column":4},"end":{"line":80,"column":5}},{"start":{},"end":{}}],"line":78},"17":{"loc":{"start":{"line":81,"column":18},"end":{"line":81,"column":63}},"type":"binary-expr","locations":[{"start":{"line":81,"column":18},"end":{"line":81,"column":41}},{"start":{"line":81,"column":45},"end":{"line":81,"column":63}}],"line":81},"18":{"loc":{"start":{"line":84,"column":18},"end":{"line":84,"column":45}},"type":"cond-expr","locations":[{"start":{"line":84,"column":28},"end":{"line":84,"column":41}},{"start":{"line":84,"column":44},"end":{"line":84,"column":45}}],"line":84},"19":{"loc":{"start":{"line":85,"column":16},"end":{"line":85,"column":43}},"type":"cond-expr","locations":[{"start":{"line":85,"column":26},"end":{"line":85,"column":27}},{"start":{"line":85,"column":30},"end":{"line":85,"column":43}}],"line":85},"20":{"loc":{"start":{"line":86,"column":20},"end":{"line":86,"column":134}},"type":"cond-expr","locations":[{"start":{"line":86,"column":125},"end":{"line":86,"column":128}},{"start":{"line":86,"column":131},"end":{"line":86,"column":134}}],"line":86},"21":{"loc":{"start":{"line":86,"column":20},"end":{"line":86,"column":122}},"type":"binary-expr","locations":[{"start":{"line":86,"column":20},"end":{"line":86,"column":38}},{"start":{"line":86,"column":42},"end":{"line":86,"column":70}},{"start":{"line":86,"column":74},"end":{"line":86,"column":122}}],"line":86},"22":{"loc":{"start":{"line":86,"column":99},"end":{"line":86,"column":121}},"type":"binary-expr","locations":[{"start":{"line":86,"column":99},"end":{"line":86,"column":116}},{"start":{"line":86,"column":120},"end":{"line":86,"column":121}}],"line":86},"23":{"loc":{"start":{"line":93,"column":31},"end":{"line":93,"column":47}},"type":"binary-expr","locations":[{"start":{"line":93,"column":31},"end":{"line":93,"column":42}},{"start":{"line":93,"column":46},"end":{"line":93,"column":47}}],"line":93},"24":{"loc":{"start":{"line":99,"column":22},"end":{"line":99,"column":52}},"type":"cond-expr","locations":[{"start":{"line":99,"column":32},"end":{"line":99,"column":41}},{"start":{"line":99,"column":44},"end":{"line":99,"column":52}}],"line":99},"25":{"loc":{"start":{"line":100,"column":18},"end":{"line":100,"column":33}},"type":"binary-expr","locations":[{"start":{"line":100,"column":18},"end":{"line":100,"column":27}},{"start":{"line":100,"column":31},"end":{"line":100,"column":33}}],"line":100},"26":{"loc":{"start":{"line":110,"column":8},"end":{"line":110,"column":89}},"type":"if","locations":[{"start":{"line":110,"column":8},"end":{"line":110,"column":89}},{"start":{},"end":{}}],"line":110},"27":{"loc":{"start":{"line":119,"column":12},"end":{"line":125,"column":13}},"type":"if","locations":[{"start":{"line":119,"column":12},"end":{"line":125,"column":13}},{"start":{"line":123,"column":19},"end":{"line":125,"column":13}}],"line":119},"28":{"loc":{"start":{"line":119,"column":16},"end":{"line":119,"column":77}},"type":"binary-expr","locations":[{"start":{"line":119,"column":16},"end":{"line":119,"column":25}},{"start":{"line":119,"column":29},"end":{"line":119,"column":77}}],"line":119},"29":{"loc":{"start":{"line":133,"column":40},"end":{"line":133,"column":55}},"type":"default-arg","locations":[{"start":{"line":133,"column":50},"end":{"line":133,"column":55}}],"line":133},"30":{"loc":{"start":{"line":140,"column":8},"end":{"line":140,"column":59}},"type":"if","locations":[{"start":{"line":140,"column":8},"end":{"line":140,"column":59}},{"start":{},"end":{}}],"line":140},"31":{"loc":{"start":{"line":148,"column":30},"end":{"line":148,"column":68}},"type":"binary-expr","locations":[{"start":{"line":148,"column":30},"end":{"line":148,"column":54}},{"start":{"line":148,"column":58},"end":{"line":148,"column":68}}],"line":148},"32":{"loc":{"start":{"line":176,"column":19},"end":{"line":176,"column":60}},"type":"cond-expr","locations":[{"start":{"line":176,"column":36},"end":{"line":176,"column":48}},{"start":{"line":176,"column":51},"end":{"line":176,"column":60}}],"line":176},"33":{"loc":{"start":{"line":177,"column":19},"end":{"line":177,"column":60}},"type":"cond-expr","locations":[{"start":{"line":177,"column":36},"end":{"line":177,"column":48}},{"start":{"line":177,"column":51},"end":{"line":177,"column":60}}],"line":177},"34":{"loc":{"start":{"line":187,"column":36},"end":{"line":187,"column":102}},"type":"binary-expr","locations":[{"start":{"line":187,"column":36},"end":{"line":187,"column":57}},{"start":{"line":187,"column":62},"end":{"line":187,"column":72}},{"start":{"line":187,"column":76},"end":{"line":187,"column":101}}],"line":187},"35":{"loc":{"start":{"line":188,"column":4},"end":{"line":188,"column":37}},"type":"if","locations":[{"start":{"line":188,"column":4},"end":{"line":188,"column":37}},{"start":{},"end":{}}],"line":188},"36":{"loc":{"start":{"line":193,"column":32},"end":{"line":193,"column":74}},"type":"cond-expr","locations":[{"start":{"line":193,"column":54},"end":{"line":193,"column":63}},{"start":{"line":193,"column":66},"end":{"line":193,"column":74}}],"line":193},"37":{"loc":{"start":{"line":197,"column":33},"end":{"line":197,"column":92}},"type":"cond-expr","locations":[{"start":{"line":197,"column":69},"end":{"line":197,"column":87}},{"start":{"line":197,"column":90},"end":{"line":197,"column":92}}],"line":197},"38":{"loc":{"start":{"line":206,"column":23},"end":{"line":206,"column":70}},"type":"cond-expr","locations":[{"start":{"line":206,"column":50},"end":{"line":206,"column":58}},{"start":{"line":206,"column":61},"end":{"line":206,"column":70}}],"line":206}},"s":{"0":1,"1":1,"2":1,"3":1,"4":1,"5":1,"6":1,"7":1,"8":1,"9":188,"10":26,"11":188,"12":154,"13":99,"14":99,"15":99,"16":27,"17":72,"18":133,"19":72,"20":99,"21":99,"22":41,"23":41,"24":41,"25":41,"26":49,"27":49,"28":49,"29":49,"30":45,"31":45,"32":45,"33":41,"34":38,"35":38,"36":38,"37":38,"38":38,"39":38,"40":38,"41":38,"42":38,"43":38,"44":38,"45":36,"46":2,"47":37,"48":37,"49":1,"50":36,"51":37,"52":37,"53":37,"54":37,"55":37,"56":37,"57":37,"58":38,"59":36,"60":35,"61":35,"62":38,"63":35,"64":38,"65":35,"66":35,"67":35,"68":35,"69":38,"70":38,"71":38,"72":2,"73":2,"74":2,"75":36,"76":35,"77":1,"78":35,"79":35,"80":35,"81":35,"82":35,"83":37,"84":37,"85":1,"86":1,"87":36,"88":35,"89":35,"90":38,"91":38,"92":38,"93":38,"94":38,"95":38,"96":35,"97":35,"98":35,"99":35,"100":36,"101":35,"102":0,"103":0,"104":0,"105":35,"106":2,"107":2,"108":1,"109":2,"110":1,"111":2,"112":10,"113":4,"114":1,"115":1,"116":1,"117":1,"118":1,"119":23,"120":1},"f":{"0":188,"1":154,"2":99,"3":133,"4":41,"5":38,"6":38,"7":37,"8":35,"9":1,"10":35,"11":36,"12":0,"13":2,"14":1,"15":10,"16":4,"17":1,"18":1,"19":23},"b":{"0":[26,162],"1":[27,72],"2":[133,0],"3":[2,70],"4":[69,3],"5":[24,25],"6":[45,4],"7":[49,4,4],"8":[38],"9":[1,37],"10":[38,0],"11":[38,37],"12":[38,0],"13":[38,30],"14":[36,2],"15":[37,4,4],"16":[1,36],"17":[36,0],"18":[1,35],"19":[1,35],"20":[1,35],"21":[37,3,3],"22":[3,1],"23":[38,38],"24":[1,37],"25":[38,38],"26":[35,3],"27":[2,36],"28":[38,2],"29":[35],"30":[1,36],"31":[38,0],"32":[0,0],"33":[0,0],"34":[1,1,1],"35":[1,1],"36":[5,5],"37":[4,0],"38":[1,0]},"meta":{"lastBranch":39,"lastFunction":20,"lastStatement":121,"seen":{"s:6:13:6:59":0,"s:7:21:7:24":1,"s:8:21:8:24":2,"s:9:27:9:28":3,"s:10:26:10:32":4,"s:11:27:11:29":5,"s:14:13:14:22":6,"s:16:23:16:32":7,"s:18:24:18:33":8,"f:20:9:20:16":0,"b:21:4:21:49:undefined:undefined:undefined:undefined":0,"s:21:4:21:49":9,"s:21:28:21:49":10,"s:22:4:22:28":11,"f:25:9:25:24":1,"s:26:4:26:52":12,"f:30:9:30:22":2,"s:31:18:31:34":13,"s:32:14:32:26":14,"b:33:4:33:25:undefined:undefined:undefined:undefined":1,"s:33:4:33:25":15,"s:33:17:33:25":16,"s:34:18:34:88":17,"f:34:31:34:32":3,"s:34:43:34:84":18,"b:34:50:34:78:34:82:34:83":2,"s:35:18:35:62":19,"b:35:44:35:56:35:59:35:62":3,"s:36:17:36:62":20,"b:36:44:36:47:36:50:36:62":4,"s:37:4:37:35":21,"f:41:9:41:24":4,"s:42:17:42:21":22,"s:42:35:42:43":23,"s:42:57:42:65":24,"s:43:4:52:5":25,"s:44:18:44:34":26,"s:45:21:45:31":27,"s:46:23:46:72":28,"b:46:37:46:68:46:71:46:72":5,"b:47:8:51:9:undefined:undefined:undefined:undefined":6,"s:47:8:51:9":29,"b:47:12:47:25:47:30:47:45:47:49:47:67":7,"s:48:12:48:25":30,"s:49:12:49:30":31,"s:50:12:50:22":32,"s:53:4:53:17":33,"f:57:9:57:23":5,"b:57:45:57:55":8,"s:58:20:58:49":34,"s:59:22:59:61":35,"b:59:52:59:55:59:58:59:61":9,"s:60:14:60:73":36,"b:60:22:60:45:60:49:60:67":10,"s:61:19:61:41":37,"s:62:20:62:44":38,"b:62:20:62:39:62:43:62:44":11,"s:63:4:63:98":39,"f:66:9:66:27":6,"s:67:21:67:53":40,"b:67:21:67:40:67:44:67:53":12,"s:68:21:68:56":41,"b:68:21:68:50:68:54:68:56":13,"s:69:22:69:45":42,"s:71:19:71:52":43,"b:72:4:72:40:undefined:undefined:undefined:undefined":14,"s:72:4:72:40":44,"s:72:27:72:40":45,"s:73:4:73:21":46,"f:76:9:76:20":7,"s:77:32:77:122":47,"b:77:32:77:50:77:54:77:82:77:86:77:122":15,"b:78:4:80:5:undefined:undefined:undefined:undefined":16,"s:78:4:80:5":48,"s:79:8:79:185":49,"s:81:18:81:63":50,"b:81:18:81:41:81:45:81:63":17,"s:83:20:83:62":51,"s:84:18:84:45":52,"b:84:28:84:41:84:44:84:45":18,"s:85:16:85:43":53,"b:85:26:85:27:85:30:85:43":19,"s:86:20:86:134":54,"b:86:125:86:128:86:131:86:134":20,"b:86:20:86:38:86:42:86:70:86:74:86:122":21,"b:86:99:86:116:86:120:86:121":22,"s:87:18:87:20":55,"s:88:4:103:5":56,"s:88:17:88:18":57,"s:89:8:102:10":58,"b:93:31:93:42:93:46:93:47":23,"b:99:32:99:41:99:44:99:52":24,"b:100:18:100:27:100:31:100:33":25,"s:104:4:104:20":59,"f:107:9:107:24":8,"s:108:23:108:32":60,"s:109:4:112:5":61,"b:110:8:110:89:undefined:undefined:undefined:undefined":26,"s:110:8:110:89":62,"s:110:50:110:89":63,"s:111:8:111:51":64,"s:113:22:113:31":65,"s:114:4:128:5":66,"s:115:26:115:35":67,"s:116:8:126:9":68,"s:117:27:117:36":69,"s:118:30:118:51":70,"b:119:12:125:13:123:19:125:13":27,"s:119:12:125:13":71,"b:119:16:119:25:119:29:119:77":28,"s:120:16:120:48":72,"s:121:16:121:63":73,"s:122:16:122:56":74,"s:124:16:124:66":75,"s:127:8:127:81":76,"f:127:60:127:61":9,"s:127:70:127:79":77,"s:129:4:129:20":78,"f:133:9:133:19":10,"b:133:50:133:55":29,"s:134:16:134:26":79,"s:135:18:135:20":80,"s:136:21:136:23":81,"s:138:4:142:5":82,"s:139:40:139:82":83,"b:140:8:140:59:undefined:undefined:undefined:undefined":30,"s:140:8:140:59":84,"s:140:24:140:48":85,"s:140:49:140:57":86,"s:141:8:141:25":87,"s:145:22:145:24":88,"s:146:4:153:5":89,"s:147:24:147:45":90,"s:148:30:148:68":91,"b:148:30:148:54:148:58:148:68":31,"s:149:8:149:38":92,"s:150:27:150:69":93,"s:151:8:151:69":94,"s:152:8:152:34":95,"s:155:23:155:54":96,"s:157:20:157:22":97,"s:158:4:173:5":98,"s:159:8:172:10":99,"f:165:34:165:35":11,"s:165:40:171:13":100,"s:175:4:179:6":101,"f:175:17:175:18":12,"s:176:19:176:60":102,"b:176:36:176:48:176:51:176:60":32,"s:177:19:177:60":103,"b:177:36:177:48:177:51:177:60":33,"s:178:8:178:22":104,"s:181:4:181:32":105,"f:185:9:185:21":13,"s:186:17:186:33":106,"s:187:16:187:103":107,"f:187:31:187:32":14,"s:187:36:187:102":108,"b:187:36:187:57:187:62:187:72:187:76:187:101":34,"b:188:4:188:37:undefined:undefined:undefined:undefined":35,"s:188:4:188:37":109,"s:188:18:188:37":110,"s:189:4:189:19":111,"f:192:9:192:26":15,"s:193:4:193:75":112,"b:193:54:193:63:193:66:193:74":36,"f:196:9:196:20":16,"s:197:4:197:93":113,"b:197:69:197:87:197:90:197:92":37,"f:200:9:200:17":17,"s:201:26:201:28":114,"s:202:4:215:5":115,"s:203:8:214:9":116,"b:206:50:206:58:206:61:206:70":38,"f:207:28:207:29":18,"s:207:34:213:13":117,"s:216:4:216:24":118,"f:219:9:219:14":19,"s:220:4:220:16":119,"s:223:0:232:1":120}}}
}
