TN:
SF:src\services\predittore.js
FN:30,leggiConfigurazione
FN:41,tempoResiduoEventoSec
FN:52,aggregaConsumiFinestra
FN:64,mediaStoricaFascia
FN:78,calcolaPesi
FN:98,consumoAtteso
FN:107,tempoEsaurimentoSec
FN:114,calcolaU
FN:126,classifica
FN:134,quantitaSuggerita
FN:144,indiciCondivisione
FN:158,aggregaConsumiCondivisi
FN:172,derivaStatoVisivo
FN:185,valutaVoce
FN:242,eseguiPredizione
FN:267,eseguiPredizionePerVoce
FNF:16
FNH:16
FNDA:4,leggiConfigurazione
FNDA:6,tempoResiduoEventoSec
FNDA:8,aggregaConsumiFinestra
FNDA:4,mediaStoricaFascia
FNDA:10,calcolaPesi
FNDA:8,consumoAtteso
FNDA:10,tempoEsaurimentoSec
FNDA:11,calcolaU
FNDA:10,classifica
FNDA:2,quantitaSuggerita
FNDA:4,indiciCondivisione
FNDA:9,aggregaConsumiCondivisi
FNDA:11,derivaStatoVisivo
FNDA:6,valutaVoce
FNDA:4,eseguiPredizione
FNDA:1,eseguiPredizionePerVoce
DA:1,1
DA:2,1
DA:3,1
DA:4,1
DA:5,1
DA:6,1
DA:7,1
DA:8,1
DA:9,1
DA:10,1
DA:11,1
DA:12,1
DA:13,1
DA:14,1
DA:15,1
DA:16,1
DA:17,1
DA:18,1
DA:19,1
DA:20,1
DA:21,1
DA:22,1
DA:23,1
DA:24,1
DA:25,1
DA:26,1
DA:27,1
DA:28,1
DA:29,1
DA:30,4
DA:31,4
DA:32,4
DA:33,4
DA:34,4
DA:35,4
DA:36,4
DA:37,4
DA:38,1
DA:39,1
DA:40,1
DA:41,6
DA:42,6
DA:43,6
DA:44,6
DA:45,6
DA:46,6
DA:47,6
DA:48,6
DA:49,1
DA:50,1
DA:51,1
DA:52,8
DA:53,8
DA:54,8
DA:55,8
DA:56,8
DA:57,8
DA:58,1
DA:59,1
DA:60,1
DA:61,1
DA:62,1
DA:63,1
DA:64,4
DA:65,4
DA:66,4
DA:67,4
DA:68,4
DA:69,2
DA:70,2
DA:71,2
DA:72,2
DA:73,2
DA:74,4
DA:75,4
DA:76,1
DA:77,1
DA:78,10
DA:79,10
DA:80,10
DA:81,4
DA:82,4
DA:83,4
DA:84,4
DA:85,4
DA:86,6
DA:87,6
DA:88,6
DA:89,6
DA:90,6
DA:91,10
DA:92,1
DA:93,1
DA:94,5
DA:95,5
DA:96,1
DA:97,1
DA:98,8
DA:99,8
DA:100,8
DA:101,8
DA:102,8
DA:103,8
DA:104,8
DA:105,1
DA:106,1
DA:107,10
DA:108,10
DA:109,5
DA:110,5
DA:111,5
DA:112,1
DA:113,1
DA:114,11
DA:115,11
DA:116,11
DA:117,11
DA:118,11
DA:119,11
DA:120,7
DA:121,7
DA:122,11
DA:123,11
DA:124,1
DA:125,1
DA:126,10
DA:127,10
DA:128,10
DA:129,10
DA:130,10
DA:131,4
DA:132,4
DA:133,1
DA:134,2
DA:135,2
DA:136,2
DA:137,2
DA:138,1
DA:139,1
DA:140,1
DA:141,1
DA:142,1
DA:143,1
DA:144,4
DA:145,4
DA:146,4
DA:147,3
DA:148,4
DA:149,2
DA:150,2
DA:151,2
DA:152,3
DA:153,4
DA:154,1
DA:155,1
DA:156,4
DA:157,1
DA:158,9
DA:159,9
DA:160,9
DA:161,9
DA:162,9
DA:163,9
DA:164,3
DA:165,3
DA:166,3
DA:167,3
DA:168,9
DA:169,9
DA:170,1
DA:171,1
DA:172,11
DA:173,11
DA:174,11
DA:175,11
DA:176,11
DA:177,11
DA:178,4
DA:179,4
DA:180,1
DA:181,1
DA:182,1
DA:183,1
DA:184,1
DA:185,6
DA:186,6
DA:187,6
DA:188,6
DA:189,6
DA:190,6
DA:191,6
DA:192,6
DA:193,6
DA:194,6
DA:195,6
DA:196,6
DA:197,6
DA:198,6
DA:199,6
DA:200,6
DA:201,6
DA:202,6
DA:203,6
DA:204,6
DA:205,6
DA:206,6
DA:207,6
DA:208,6
DA:209,6
DA:210,6
DA:211,6
DA:212,6
DA:213,6
DA:214,6
DA:215,6
DA:216,6
DA:217,6
DA:218,6
DA:219,6
DA:220,6
DA:221,6
DA:222,6
DA:223,6
DA:224,6
DA:225,6
DA:226,6
DA:227,6
DA:228,6
DA:229,6
DA:230,6
DA:231,6
DA:232,6
DA:233,6
DA:234,6
DA:235,6
DA:236,6
DA:237,6
DA:238,6
DA:239,6
DA:240,1
DA:241,1
DA:242,4
DA:243,4
DA:244,4
DA:245,4
DA:246,4
DA:247,4
DA:248,4
DA:249,4
DA:250,4
DA:251,4
DA:252,4
DA:253,4
DA:254,4
DA:255,4
DA:256,4
DA:257,4
DA:258,4
DA:259,4
DA:260,4
DA:261,4
DA:262,4
DA:263,4
DA:264,4
DA:265,4
DA:266,1
DA:267,1
DA:268,1
DA:269,1
DA:270,1
DA:271,1
DA:272,1
DA:273,1
DA:274,1
DA:275,1
DA:276,1
DA:277,1
DA:278,1
DA:279,1
DA:280,1
DA:281,1
DA:282,1
DA:283,1
DA:284,1
DA:285,1
DA:286,1
DA:287,1
DA:288,1
DA:289,1
DA:290,1
DA:291,1
DA:292,1
DA:293,1
DA:294,1
DA:295,1
LF:295
LH:295
BRDA:30,0,0,4
BRDA:33,1,0,2
BRDA:34,2,0,2
BRDA:35,3,0,2
BRDA:41,4,0,6
BRDA:43,5,0,0
BRDA:42,6,0,12
BRDA:52,7,0,8
BRDA:55,8,0,4
BRDA:64,9,0,4
BRDA:68,10,0,2
BRDA:70,11,0,0
BRDA:71,12,0,0
BRDA:78,13,0,10
BRDA:80,14,0,4
BRDA:85,15,0,6
BRDA:91,16,0,5
BRDA:91,17,0,1
BRDA:93,18,0,5
BRDA:98,19,0,8
BRDA:107,20,0,10
BRDA:108,21,0,6
BRDA:108,22,0,5
BRDA:114,23,0,11
BRDA:115,24,0,2
BRDA:116,25,0,3
BRDA:116,26,0,8
BRDA:119,27,0,7
BRDA:119,28,0,7
BRDA:126,29,0,10
BRDA:127,30,0,2
BRDA:128,31,0,8
BRDA:128,32,0,4
BRDA:128,33,0,2
BRDA:128,34,0,2
BRDA:129,35,0,6
BRDA:129,36,0,2
BRDA:129,37,0,1
BRDA:130,38,0,5
BRDA:130,39,0,1
BRDA:131,40,0,4
BRDA:134,41,0,2
BRDA:144,42,0,4
BRDA:147,43,0,3
BRDA:148,44,0,2
BRDA:150,45,0,1
BRDA:151,46,0,3
BRDA:153,47,0,1
BRDA:158,48,0,9
BRDA:162,49,0,7
BRDA:163,50,0,3
BRDA:165,51,0,8
BRDA:165,52,0,6
BRDA:166,53,0,8
BRDA:172,54,0,11
BRDA:173,55,0,2
BRDA:174,56,0,1
BRDA:175,57,0,10
BRDA:175,58,0,2
BRDA:176,59,0,8
BRDA:176,60,0,2
BRDA:176,61,0,1
BRDA:177,62,0,7
BRDA:177,63,0,2
BRDA:177,64,0,3
BRDA:178,65,0,4
BRDA:185,66,0,6
BRDA:186,67,0,3
BRDA:187,68,0,3
BRDA:188,69,0,3
BRDA:197,70,0,1
BRDA:208,71,0,1
BRDA:220,72,0,1
BRDA:230,73,0,3
BRDA:230,74,0,3
BRDA:236,75,0,0
BRDA:242,76,0,4
BRDA:262,77,0,4
BRDA:267,78,0,1
BRDA:269,79,0,0
BRF:80
BRH:75
end_of_record
TN:
SF:src\services\smistatore.js
FN:20,getCoda
FN:25,stampanteOnline
FN:30,caricoReparto
FN:41,selectMinCarico
FN:57,calcolaRanking
FN:66,repartiCompatibili
FN:76,rigaToTasks
FN:107,batchPerReparto
FN:133,routeOrder
FN:185,completaTask
FN:192,setStatoStampante
FN:196,setFallback
FN:200,snapshot
FN:219,reset
FNF:14
FNH:14
FNDA:210,getCoda
FNDA:171,stampanteOnline
FNDA:111,caricoReparto
FNDA:46,selectMinCarico
FNDA:44,calcolaRanking
FNDA:43,repartiCompatibili
FNDA:42,rigaToTasks
FNDA:39,batchPerReparto
FNDA:39,routeOrder
FNDA:2,completaTask
FNDA:11,setStatoStampante
FNDA:5,setFallback
FNDA:2,snapshot
FNDA:28,reset
DA:1,1
DA:2,1
DA:3,1
DA:4,1
DA:5,1
DA:6,1
DA:7,1
DA:8,1
DA:9,1
DA:10,1
DA:11,1
DA:12,1
DA:13,1
DA:14,1
DA:15,1
DA:16,1
DA:17,1
DA:18,1
DA:19,1
DA:20,210
DA:21,210
DA:22,210
DA:23,210
DA:24,1
DA:25,171
DA:26,171
DA:27,171
DA:28,1
DA:29,1
DA:30,111
DA:31,111
DA:32,111
DA:33,111
DA:34,78
DA:35,111
DA:36,111
DA:37,111
DA:38,111
DA:39,1
DA:40,1
DA:41,46
DA:42,46
DA:43,46
DA:44,54
DA:45,54
DA:46,54
DA:47,54
DA:48,50
DA:49,50
DA:50,50
DA:51,50
DA:52,54
DA:53,46
DA:54,46
DA:55,1
DA:56,1
DA:57,44
DA:58,44
DA:59,44
DA:60,44
DA:61,44
DA:62,44
DA:63,44
DA:64,44
DA:65,1
DA:66,43
DA:67,43
DA:68,43
DA:69,43
DA:70,43
DA:71,43
DA:72,43
DA:73,2
DA:74,2
DA:75,1
DA:76,42
DA:77,42
DA:78,42
DA:79,1
DA:80,1
DA:81,42
DA:82,42
DA:83,42
DA:84,42
DA:85,42
DA:86,42
DA:87,42
DA:88,42
DA:89,43
DA:90,43
DA:91,43
DA:92,43
DA:93,43
DA:94,43
DA:95,43
DA:96,43
DA:97,43
DA:98,43
DA:99,43
DA:100,43
DA:101,43
DA:102,43
DA:103,43
DA:104,41
DA:105,41
DA:106,1
DA:107,39
DA:108,39
DA:109,39
DA:110,43
DA:111,43
DA:112,43
DA:113,39
DA:114,39
DA:115,40
DA:116,40
DA:117,43
DA:118,43
DA:119,43
DA:120,2
DA:121,2
DA:122,2
DA:123,43
DA:124,41
DA:125,41
DA:126,43
DA:127,40
DA:128,40
DA:129,39
DA:130,39
DA:131,1
DA:132,1
DA:133,39
DA:134,39
DA:135,39
DA:136,39
DA:137,39
DA:138,39
DA:139,42
DA:140,42
DA:141,41
DA:142,41
DA:143,39
DA:144,39
DA:145,39
DA:146,39
DA:147,43
DA:148,43
DA:149,43
DA:150,43
DA:151,43
DA:152,43
DA:153,43
DA:154,39
DA:155,39
DA:156,39
DA:157,39
DA:158,39
DA:159,40
DA:160,40
DA:161,40
DA:162,40
DA:163,40
DA:164,40
DA:165,40
DA:166,41
DA:167,41
DA:168,41
DA:169,41
DA:170,41
DA:171,40
DA:172,40
DA:173,40
DA:174,39
DA:175,39
DA:176,1
DA:177,1
DA:178,1
DA:179,39
DA:180,39
DA:181,39
DA:182,39
DA:183,1
DA:184,1
DA:185,2
DA:186,2
DA:187,2
DA:188,2
DA:189,2
DA:190,2
DA:191,1
DA:192,11
DA:193,11
DA:194,11
DA:195,1
DA:196,5
DA:197,5
DA:198,5
DA:199,1
DA:200,2
DA:201,2
DA:202,2
DA:203,2
DA:204,2
DA:205,2
DA:206,2
DA:207,2
DA:208,2
DA:209,2
DA:210,2
DA:211,2
DA:212,2
DA:213,2
DA:214,2
DA:215,2
DA:216,2
DA:217,2
DA:218,1
DA:219,28
DA:220,28
DA:221,28
DA:222,1
DA:223,1
DA:224,1
DA:225,1
DA:226,1
DA:227,1
DA:228,1
DA:229,1
DA:230,1
DA:231,1
DA:232,1
LF:232
LH:232
BRDA:20,0,0,210
BRDA:21,1,0,32
BRDA:25,2,0,171
BRDA:30,3,0,111
BRDA:33,4,0,33
BRDA:34,5,0,78
BRDA:35,6,0,2
BRDA:35,7,0,76
BRDA:36,8,0,74
BRDA:36,9,0,4
BRDA:34,10,0,139
BRDA:34,11,0,0
BRDA:41,12,0,46
BRDA:43,13,0,54
BRDA:46,14,0,24
BRDA:46,15,0,30
BRDA:47,16,0,4
BRDA:47,17,0,50
BRDA:57,18,0,44
BRDA:59,19,0,1
BRDA:59,20,0,43
BRDA:60,21,0,1
BRDA:62,22,0,42
BRDA:66,23,0,43
BRDA:67,24,0,1
BRDA:68,25,0,33
BRDA:72,26,0,41
BRDA:73,27,0,2
BRDA:76,28,0,42
BRDA:77,29,0,5
BRDA:77,30,0,5
BRDA:78,31,0,1
BRDA:80,32,0,41
BRDA:81,33,0,3
BRDA:84,34,0,1
BRDA:84,35,0,40
BRDA:85,36,0,1
BRDA:85,37,0,40
BRDA:86,38,0,4
BRDA:86,39,0,4
BRDA:86,40,0,1
BRDA:86,41,0,2
BRDA:86,42,0,39
BRDA:88,43,0,43
BRDA:99,44,0,1
BRDA:99,45,0,42
BRDA:103,46,0,41
BRDA:107,47,0,39
BRDA:109,48,0,43
BRDA:110,49,0,40
BRDA:114,50,0,40
BRDA:116,51,0,43
BRDA:119,52,0,2
BRDA:119,53,0,2
BRDA:123,54,0,41
BRDA:127,55,0,1
BRDA:133,56,0,39
BRDA:138,57,0,42
BRDA:140,58,0,1
BRDA:140,59,0,41
BRDA:146,60,0,43
BRDA:148,61,0,0
BRDA:158,62,0,40
BRDA:165,63,0,41
BRDA:175,64,0,1
BRDA:176,65,0,0
BRDA:177,66,0,0
BRDA:185,67,0,2
BRDA:188,68,0,1
BRDA:187,69,0,1
BRDA:192,70,0,11
BRDA:193,71,0,6
BRDA:193,72,0,5
BRDA:196,73,0,5
BRDA:197,74,0,4
BRDA:197,75,0,1
BRDA:200,76,0,2
BRDA:206,77,0,1
BRDA:206,78,0,1
BRDA:207,79,0,2
BRDA:219,80,0,28
BRF:81
BRH:77
end_of_record
