TN:
SF:src\services\predittore.js
FN:30,leggiConfigurazione
FN:41,tempoResiduoEventoSec
FN:52,aggregaConsumiFinestra
FN:64,mediaStoricaFascia
FN:78,calcolaPesi
FN:98,consumoAtteso
FN:107,tempoEsaurimentoSec
FN:114,calcolaU
FN:126,classifica
FN:134,quantitaSuggerita
FN:144,indiciCondivisione
FN:158,aggregaConsumiCondivisi
FN:172,derivaStatoVisivo
FN:185,valutaVoce
FN:242,eseguiPredizione
FN:267,eseguiPredizionePerVoce
FNF:16
FNH:10
FNDA:0,leggiConfigurazione
FNDA:2,tempoResiduoEventoSec
FNDA:0,aggregaConsumiFinestra
FNDA:0,mediaStoricaFascia
FNDA:6,calcolaPesi
FNDA:4,consumoAtteso
FNDA:6,tempoEsaurimentoSec
FNDA:7,calcolaU
FNDA:6,classifica
FNDA:2,quantitaSuggerita
FNDA:0,indiciCondivisione
FNDA:1,aggregaConsumiCondivisi
FNDA:7,derivaStatoVisivo
FNDA:2,valutaVoce
FNDA:0,eseguiPredizione
FNDA:0,eseguiPredizionePerVoce
DA:1,1
DA:2,1
DA:3,1
DA:4,1
DA:5,1
DA:6,1
DA:7,1
DA:8,1
DA:9,1
DA:10,1
DA:11,1
DA:12,1
DA:13,1
DA:14,1
DA:15,1
DA:16,1
DA:17,1
DA:18,1
DA:19,1
DA:20,1
DA:21,1
DA:22,1
DA:23,1
DA:24,1
DA:25,1
DA:26,1
DA:27,1
DA:28,1
DA:29,1
DA:30,0
DA:31,0
DA:32,0
DA:33,0
DA:34,0
DA:35,0
DA:36,0
DA:37,0
DA:38,1
DA:39,1
DA:40,1
DA:41,2
DA:42,2
DA:43,2
DA:44,2
DA:45,2
DA:46,2
DA:47,2
DA:48,2
DA:49,1
DA:50,1
DA:51,1
DA:52,0
DA:53,0
DA:54,0
DA:55,0
DA:56,0
DA:57,0
DA:58,1
DA:59,1
DA:60,1
DA:61,1
DA:62,1
DA:63,1
DA:64,0
DA:65,0
DA:66,0
DA:67,0
DA:68,0
DA:69,0
DA:70,0
DA:71,0
DA:72,0
DA:73,0
DA:74,0
DA:75,0
DA:76,1
DA:77,1
DA:78,6
DA:79,6
DA:80,6
DA:81,2
DA:82,2
DA:83,2
DA:84,2
DA:85,2
DA:86,4
DA:87,4
DA:88,4
DA:89,4
DA:90,4
DA:91,6
DA:92,1
DA:93,1
DA:94,3
DA:95,3
DA:96,1
DA:97,1
DA:98,4
DA:99,4
DA:100,4
DA:101,4
DA:102,4
DA:103,4
DA:104,4
DA:105,1
DA:106,1
DA:107,6
DA:108,6
DA:109,3
DA:110,3
DA:111,3
DA:112,1
DA:113,1
DA:114,7
DA:115,7
DA:116,7
DA:117,7
DA:118,7
DA:119,7
DA:120,5
DA:121,5
DA:122,7
DA:123,7
DA:124,1
DA:125,1
DA:126,6
DA:127,6
DA:128,6
DA:129,6
DA:130,1
DA:131,0
DA:132,0
DA:133,1
DA:134,2
DA:135,2
DA:136,2
DA:137,2
DA:138,1
DA:139,1
DA:140,1
DA:141,1
DA:142,1
DA:143,1
DA:144,0
DA:145,0
DA:146,0
DA:147,0
DA:148,0
DA:149,0
DA:150,0
DA:151,0
DA:152,0
DA:153,0
DA:154,0
DA:155,0
DA:156,0
DA:157,1
DA:158,1
DA:159,1
DA:160,1
DA:161,1
DA:162,1
DA:163,1
DA:164,1
DA:165,1
DA:166,1
DA:167,1
DA:168,1
DA:169,1
DA:170,1
DA:171,1
DA:172,7
DA:173,7
DA:174,7
DA:175,7
DA:176,7
DA:177,7
DA:178,2
DA:179,2
DA:180,1
DA:181,1
DA:182,1
DA:183,1
DA:184,1
DA:185,2
DA:186,2
DA:187,2
DA:188,2
DA:189,2
DA:190,2
DA:191,2
DA:192,2
DA:193,2
DA:194,2
DA:195,2
DA:196,2
DA:197,2
DA:198,2
DA:199,2
DA:200,2
DA:201,2
DA:202,2
DA:203,2
DA:204,2
DA:205,2
DA:206,2
DA:207,2
DA:208,2
DA:209,2
DA:210,2
DA:211,2
DA:212,2
DA:213,2
DA:214,2
DA:215,2
DA:216,2
DA:217,2
DA:218,2
DA:219,2
DA:220,2
DA:221,2
DA:222,2
DA:223,2
DA:224,2
DA:225,2
DA:226,2
DA:227,2
DA:228,2
DA:229,2
DA:230,2
DA:231,2
DA:232,2
DA:233,2
DA:234,2
DA:235,2
DA:236,2
DA:237,2
DA:238,2
DA:239,2
DA:240,1
DA:241,1
DA:242,0
DA:243,0
DA:244,0
DA:245,0
DA:246,0
DA:247,0
DA:248,0
DA:249,0
DA:250,0
DA:251,0
DA:252,0
DA:253,0
DA:254,0
DA:255,0
DA:256,0
DA:257,0
DA:258,0
DA:259,0
DA:260,0
DA:261,0
DA:262,0
DA:263,0
DA:264,0
DA:265,0
DA:266,1
DA:267,0
DA:268,0
DA:269,0
DA:270,0
DA:271,1
DA:272,1
DA:273,1
DA:274,1
DA:275,1
DA:276,1
DA:277,1
DA:278,1
DA:279,1
DA:280,1
DA:281,1
DA:282,1
DA:283,1
DA:284,1
DA:285,1
DA:286,1
DA:287,1
DA:288,1
DA:289,1
DA:290,1
DA:291,1
DA:292,1
DA:293,1
DA:294,1
DA:295,1
LF:295
LH:226
BRDA:41,0,0,2
BRDA:43,1,0,0
BRDA:42,2,0,4
BRDA:78,3,0,6
BRDA:80,4,0,2
BRDA:85,5,0,4
BRDA:91,6,0,3
BRDA:91,7,0,1
BRDA:93,8,0,3
BRDA:98,9,0,4
BRDA:107,10,0,6
BRDA:108,11,0,4
BRDA:108,12,0,3
BRDA:114,13,0,7
BRDA:115,14,0,0
BRDA:116,15,0,1
BRDA:116,16,0,6
BRDA:119,17,0,5
BRDA:119,18,0,5
BRDA:126,19,0,6
BRDA:127,20,0,2
BRDA:128,21,0,4
BRDA:128,22,0,2
BRDA:128,23,0,0
BRDA:128,24,0,2
BRDA:129,25,0,1
BRDA:131,26,0,0
BRDA:134,27,0,2
BRDA:158,28,0,1
BRDA:162,29,0,3
BRDA:165,30,0,2
BRDA:165,31,0,0
BRDA:166,32,0,2
BRDA:172,33,0,7
BRDA:173,34,0,2
BRDA:174,35,0,1
BRDA:175,36,0,6
BRDA:175,37,0,2
BRDA:176,38,0,4
BRDA:176,39,0,0
BRDA:176,40,0,1
BRDA:177,41,0,3
BRDA:177,42,0,0
BRDA:177,43,0,1
BRDA:178,44,0,2
BRDA:185,45,0,2
BRDA:186,46,0,1
BRDA:187,47,0,1
BRDA:188,48,0,1
BRDA:197,49,0,1
BRDA:208,50,0,1
BRDA:220,51,0,1
BRDA:230,52,0,1
BRDA:230,53,0,1
BRDA:236,54,0,0
BRF:55
BRH:47
end_of_record
TN:
SF:src\services\smistatore.js
FN:20,getCoda
FN:25,stampanteOnline
FN:30,caricoReparto
FN:41,selectMinCarico
FN:57,calcolaRanking
FN:66,repartiCompatibili
FN:76,rigaToTasks
FN:107,batchPerReparto
FN:133,routeOrder
FN:185,completaTask
FN:192,setStatoStampante
FN:196,setFallback
FN:200,snapshot
FN:219,reset
FNF:14
FNH:14
FNDA:188,getCoda
FNDA:154,stampanteOnline
FNDA:99,caricoReparto
FNDA:41,selectMinCarico
FNDA:38,calcolaRanking
FNDA:38,repartiCompatibili
FNDA:37,rigaToTasks
FNDA:35,batchPerReparto
FNDA:35,routeOrder
FNDA:2,completaTask
FNDA:10,setStatoStampante
FNDA:4,setFallback
FNDA:1,snapshot
FNDA:23,reset
DA:1,1
DA:2,1
DA:3,1
DA:4,1
DA:5,1
DA:6,1
DA:7,1
DA:8,1
DA:9,1
DA:10,1
DA:11,1
DA:12,1
DA:13,1
DA:14,1
DA:15,1
DA:16,1
DA:17,1
DA:18,1
DA:19,1
DA:20,188
DA:21,188
DA:22,188
DA:23,188
DA:24,1
DA:25,154
DA:26,154
DA:27,154
DA:28,1
DA:29,1
DA:30,99
DA:31,99
DA:32,99
DA:33,99
DA:34,72
DA:35,99
DA:36,99
DA:37,99
DA:38,99
DA:39,1
DA:40,1
DA:41,41
DA:42,41
DA:43,41
DA:44,49
DA:45,49
DA:46,49
DA:47,49
DA:48,45
DA:49,45
DA:50,45
DA:51,45
DA:52,49
DA:53,41
DA:54,41
DA:55,1
DA:56,1
DA:57,38
DA:58,38
DA:59,38
DA:60,38
DA:61,38
DA:62,38
DA:63,38
DA:64,38
DA:65,1
DA:66,38
DA:67,38
DA:68,38
DA:69,38
DA:70,38
DA:71,38
DA:72,38
DA:73,2
DA:74,2
DA:75,1
DA:76,37
DA:77,37
DA:78,37
DA:79,1
DA:80,1
DA:81,37
DA:82,37
DA:83,37
DA:84,37
DA:85,37
DA:86,37
DA:87,37
DA:88,37
DA:89,38
DA:90,38
DA:91,38
DA:92,38
DA:93,38
DA:94,38
DA:95,38
DA:96,38
DA:97,38
DA:98,38
DA:99,38
DA:100,38
DA:101,38
DA:102,38
DA:103,38
DA:104,36
DA:105,36
DA:106,1
DA:107,35
DA:108,35
DA:109,35
DA:110,38
DA:111,38
DA:112,38
DA:113,35
DA:114,35
DA:115,35
DA:116,35
DA:117,38
DA:118,38
DA:119,38
DA:120,2
DA:121,2
DA:122,2
DA:123,38
DA:124,36
DA:125,36
DA:126,38
DA:127,35
DA:128,35
DA:129,35
DA:130,35
DA:131,1
DA:132,1
DA:133,35
DA:134,35
DA:135,35
DA:136,35
DA:137,35
DA:138,35
DA:139,37
DA:140,37
DA:141,36
DA:142,36
DA:143,35
DA:144,35
DA:145,35
DA:146,35
DA:147,38
DA:148,38
DA:149,38
DA:150,38
DA:151,38
DA:152,38
DA:153,38
DA:154,35
DA:155,35
DA:156,35
DA:157,35
DA:158,35
DA:159,35
DA:160,35
DA:161,35
DA:162,35
DA:163,35
DA:164,35
DA:165,35
DA:166,36
DA:167,36
DA:168,36
DA:169,36
DA:170,36
DA:171,35
DA:172,35
DA:173,35
DA:174,35
DA:175,35
DA:176,0
DA:177,0
DA:178,0
DA:179,35
DA:180,35
DA:181,35
DA:182,35
DA:183,1
DA:184,1
DA:185,2
DA:186,2
DA:187,2
DA:188,2
DA:189,2
DA:190,2
DA:191,1
DA:192,10
DA:193,10
DA:194,10
DA:195,1
DA:196,4
DA:197,4
DA:198,4
DA:199,1
DA:200,1
DA:201,1
DA:202,1
DA:203,1
DA:204,1
DA:205,1
DA:206,1
DA:207,1
DA:208,1
DA:209,1
DA:210,1
DA:211,1
DA:212,1
DA:213,1
DA:214,1
DA:215,1
DA:216,1
DA:217,1
DA:218,1
DA:219,23
DA:220,23
DA:221,23
DA:222,1
DA:223,1
DA:224,1
DA:225,1
DA:226,1
DA:227,1
DA:228,1
DA:229,1
DA:230,1
DA:231,1
DA:232,1
LF:232
LH:229
BRDA:20,0,0,188
BRDA:21,1,0,26
BRDA:25,2,0,154
BRDA:30,3,0,99
BRDA:33,4,0,27
BRDA:34,5,0,72
BRDA:35,6,0,2
BRDA:35,7,0,70
BRDA:36,8,0,69
BRDA:36,9,0,3
BRDA:34,10,0,133
BRDA:34,11,0,0
BRDA:41,12,0,41
BRDA:43,13,0,49
BRDA:46,14,0,24
BRDA:46,15,0,25
BRDA:47,16,0,4
BRDA:47,17,0,45
BRDA:57,18,0,38
BRDA:59,19,0,1
BRDA:59,20,0,37
BRDA:60,21,0,0
BRDA:62,22,0,37
BRDA:66,23,0,38
BRDA:67,24,0,0
BRDA:68,25,0,30
BRDA:72,26,0,36
BRDA:73,27,0,2
BRDA:76,28,0,37
BRDA:77,29,0,4
BRDA:77,30,0,4
BRDA:78,31,0,1
BRDA:80,32,0,36
BRDA:81,33,0,0
BRDA:84,34,0,1
BRDA:84,35,0,35
BRDA:85,36,0,1
BRDA:85,37,0,35
BRDA:86,38,0,3
BRDA:86,39,0,3
BRDA:86,40,0,1
BRDA:86,41,0,1
BRDA:86,42,0,35
BRDA:88,43,0,38
BRDA:99,44,0,1
BRDA:99,45,0,37
BRDA:103,46,0,36
BRDA:107,47,0,35
BRDA:109,48,0,38
BRDA:110,49,0,35
BRDA:116,50,0,38
BRDA:119,51,0,2
BRDA:119,52,0,2
BRDA:123,53,0,36
BRDA:127,54,0,1
BRDA:133,55,0,35
BRDA:138,56,0,37
BRDA:140,57,0,1
BRDA:140,58,0,36
BRDA:146,59,0,38
BRDA:148,60,0,0
BRDA:165,61,0,36
BRDA:185,62,0,2
BRDA:188,63,0,1
BRDA:187,64,0,1
BRDA:192,65,0,10
BRDA:193,66,0,5
BRDA:193,67,0,5
BRDA:196,68,0,4
BRDA:197,69,0,0
BRDA:200,70,0,1
BRDA:206,71,0,0
BRDA:207,72,0,1
BRDA:219,73,0,23
BRF:74
BRH:67
end_of_record
